#
# There is insufficient memory for the Java Runtime Environment to continue.
# Native memory allocation (malloc) failed to allocate 850176 bytes for Chunk::new
# Possible reasons:
#   The system is out of physical RAM or swap space
#   The process is running with CompressedOops enabled, and the Java Heap may be blocking the growth of the native heap
# Possible solutions:
#   Reduce memory load on the system
#   Increase physical memory or swap space
#   Check if swap backing store is full
#   Decrease Java heap size (-Xmx/-Xms)
#   Decrease number of Java threads
#   Decrease Java thread stack sizes (-Xss)
#   Set larger code cache with -XX:ReservedCodeCacheSize=
#   JVM is running with Unscaled Compressed Oops mode in which the Java heap is
#     placed in the first 4GB address space. The Java Heap base address is the
#     maximum limit for the native heap growth. Please use -XX:HeapBaseMinAddress
#     to set the Java Heap base and to place the Java Heap above 4GB virtual address.
# This output file may be truncated or incomplete.
#
#  Out of Memory Error (allocation.cpp:389), pid=17940, tid=0x0000000000002ee8
#
# JRE version: OpenJDK Runtime Environment (8.0-b10) (build 1.8.0-262-b10)
# Java VM: OpenJDK 64-Bit Server VM (25.71-b10 mixed mode windows-amd64 compressed oops)
# Failed to write core dump. Minidumps are not enabled by default on client versions of Windows
#

---------------  T H R E A D  ---------------

Current thread (0x00000232a16a2000):  JavaThread "C2 CompilerThread0" daemon [_thread_in_native, id=12008, stack(0x000000f44ab30000,0x000000f44ad20000)]

Stack: [0x000000f44ab30000,0x000000f44ad20000]
[error occurred during error reporting (printing stack bounds), id 0xc0000005]

Native frames: (J=compiled Java code, j=interpreted, Vv=VM code, C=native code)


Current CompileTask:
C2:   8859 1485       4       java.lang.String::format (16 bytes)


---------------  P R O C E S S  ---------------

Java Threads: ( => current thread )
  0x00000232a18f2800 JavaThread "Python Reference Queue" daemon [_thread_blocked, id=20620, stack(0x000000f44c650000,0x000000f44c840000)]
  0x00000232a16cf000 JavaThread "Service Thread" daemon [_thread_blocked, id=25004, stack(0x000000f44c270000,0x000000f44c460000)]
  0x00000232a16be800 JavaThread "C1 CompilerThread11" daemon [_thread_blocked, id=8684, stack(0x000000f44c080000,0x000000f44c270000)]
  0x00000232a16bd800 JavaThread "C1 CompilerThread10" daemon [_thread_blocked, id=21676, stack(0x000000f44be90000,0x000000f44c080000)]
  0x00000232a16bd000 JavaThread "C1 CompilerThread9" daemon [_thread_blocked, id=14644, stack(0x000000f44bca0000,0x000000f44be90000)]
  0x00000232a16b7000 JavaThread "C1 CompilerThread8" daemon [_thread_blocked, id=25760, stack(0x000000f44bab0000,0x000000f44bca0000)]
  0x00000232a16b0000 JavaThread "C2 CompilerThread7" daemon [_thread_in_native, id=25884, stack(0x000000f44b8c0000,0x000000f44bab0000)]
  0x00000232a16ab800 JavaThread "C2 CompilerThread6" daemon [_thread_in_native, id=18040, stack(0x000000f44b6d0000,0x000000f44b8c0000)]
  0x00000232a16aa800 JavaThread "C2 CompilerThread5" daemon [_thread_in_native, id=7652, stack(0x000000f44b4e0000,0x000000f44b6d0000)]
  0x00000232a16a8000 JavaThread "C2 CompilerThread4" daemon [_thread_in_native, id=22616, stack(0x000000f44b2f0000,0x000000f44b4e0000)]
  0x00000232a16a7000 JavaThread "C2 CompilerThread3" daemon [_thread_blocked, id=6284, stack(0x000000f44b100000,0x000000f44b2f0000)]
  0x00000232a16a4800 JavaThread "C2 CompilerThread2" daemon [_thread_in_native, id=2636, stack(0x000000f44af10000,0x000000f44b100000)]
  0x00000232a16a3800 JavaThread "C2 CompilerThread1" daemon [_thread_blocked, id=11904, stack(0x000000f44ad20000,0x000000f44af10000)]
=>0x00000232a16a2000 JavaThread "C2 CompilerThread0" daemon [_thread_in_native, id=12008, stack(0x000000f44ab30000,0x000000f44ad20000)]
  0x00000232a1649800 JavaThread "Attach Listener" daemon [_thread_blocked, id=25780, stack(0x000000f44a940000,0x000000f44ab30000)]
  0x00000232a169d000 JavaThread "Signal Dispatcher" daemon [_thread_blocked, id=22236, stack(0x000000f44a750000,0x000000f44a940000)]
  0x000002329e143000 JavaThread "Finalizer" daemon [_thread_blocked, id=9920, stack(0x000000f44a560000,0x000000f44a750000)]
  0x000002329e13c800 JavaThread "Reference Handler" daemon [_thread_blocked, id=9188, stack(0x000000f44a370000,0x000000f44a560000)]
  0x000002329c6a3800 JavaThread "main" [_thread_in_native, id=23408, stack(0x000000f442a00000,0x000000f442bf0000)]

Other Threads:
  0x00000232a1605800 VMThread [stack: 0x000000f44a180000,0x000000f44a370000] [id=26588]
  0x00000232a177a000 WatcherThread [stack: 0x000000f44c460000,0x000000f44c650000] [id=18008]

VM state:not at safepoint (normal execution)

VM Mutex/Monitor currently owned by a thread: None

heap address: 0x00000000c0000000, size: 1024 MB, Compressed Oops mode: 32-bit
Narrow klass base: 0x0000000000000000, Narrow klass shift: 3
Compressed class space size: 1073741824 Address: 0x0000000100000000

Heap:
 PSYoungGen      total 327680K, used 124022K [0x00000000eab00000, 0x0000000100000000, 0x0000000100000000)
  eden space 306176K, 40% used [0x00000000eab00000,0x00000000f241db78,0x00000000fd600000)
  from space 21504K, 0% used [0x00000000feb00000,0x00000000feb00000,0x0000000100000000)
  to   space 21504K, 0% used [0x00000000fd600000,0x00000000fd600000,0x00000000feb00000)
 ParOldGen       total 349696K, used 328827K [0x00000000c0000000, 0x00000000d5580000, 0x00000000eab00000)
  object space 349696K, 94% used [0x00000000c0000000,0x00000000d411ed58,0x00000000d5580000)
 Metaspace       used 6142K, capacity 6340K, committed 6656K, reserved 1056768K
  class space    used 623K, capacity 706K, committed 768K, reserved 1048576K

Card table byte_map: [0x000002329db40000,0x000002329dd50000] byte_map_base: 0x000002329d540000

Marking Bits: (ParMarkBitMap*) 0x000000005a538e90
 Begin Bits: [0x00000232b21c0000, 0x00000232b31c0000)
 End Bits:   [0x00000232b31c0000, 0x00000232b41c0000)

Polling page: 0x00000232979d0000

CodeCache: size=245760Kb used=10541Kb max_used=10564Kb free=235218Kb
 bounds [0x00000232a31c0000, 0x00000232a3c20000, 0x00000232b21c0000]
 total_blobs=1855 nmethods=1536 adapters=230
 compilation: enabled

Compilation events (10 events):
Event: 8.815 Thread 0x00000232a16b0000 nmethod 1567 0x00000232a3befdd0 code [0x00000232a3beff40, 0x00000232a3bf0488]
Event: 8.815 Thread 0x00000232a16b0000 1572       4       org.snu.ids.ha.ma.Morpheme::toString (76 bytes)
Event: 8.817 Thread 0x00000232a16a7000 nmethod 1571 0x00000232a3c0b010 code [0x00000232a3c0b1a0, 0x00000232a3c0b7b8]
Event: 8.817 Thread 0x00000232a16a7000 1500       4       java.util.regex.Pattern$Node::<init> (12 bytes)
Event: 8.817 Thread 0x00000232a16a7000 nmethod 1500 0x00000232a3b4c750 code [0x00000232a3b4c880, 0x00000232a3b4c8f8]
Event: 8.817 Thread 0x00000232a16a7000 1480       4       java.util.Formatter$Conversion::isValid (47 bytes)
Event: 8.819 Thread 0x00000232a16a7000 nmethod 1480 0x00000232a3bd96d0 code [0x00000232a3bd9ce0, 0x00000232a3bd9d98]
Event: 8.819 Thread 0x00000232a16a7000 1539       4       java.util.Arrays::fill (28 bytes)
Event: 8.819 Thread 0x00000232a16a3800 nmethod 1570 0x00000232a3bd8910 code [0x00000232a3bd8a80, 0x00000232a3bd9318]
Event: 8.819 Thread 0x00000232a16a7000 nmethod 1539 0x00000232a3beea10 code [0x00000232a3beeb60, 0x00000232a3beec98]

GC Heap History (10 events):
Event: 7.691 GC heap before
{Heap before GC invocations=62 (full 30):
 PSYoungGen      total 327680K, used 20640K [0x00000000eab00000, 0x0000000100000000, 0x0000000100000000)
  eden space 306176K, 0% used [0x00000000eab00000,0x00000000eab00000,0x00000000fd600000)
  from space 21504K, 95% used [0x00000000feb00000,0x00000000fff28010,0x0000000100000000)
  to   space 21504K, 0% used [0x00000000fd600000,0x00000000fd600000,0x00000000feb00000)
 ParOldGen       total 349696K, used 285902K [0x00000000c0000000, 0x00000000d5580000, 0x00000000eab00000)
  object space 349696K, 81% used [0x00000000c0000000,0x00000000d1733bf0,0x00000000d5580000)
 Metaspace       used 5444K, capacity 5630K, committed 5888K, reserved 1056768K
  class space    used 558K, capacity 641K, committed 768K, reserved 1048576K
Event: 7.839 GC heap after
Heap after GC invocations=62 (full 30):
 PSYoungGen      total 327680K, used 0K [0x00000000eab00000, 0x0000000100000000, 0x0000000100000000)
  eden space 306176K, 0% used [0x00000000eab00000,0x00000000eab00000,0x00000000fd600000)
  from space 21504K, 0% used [0x00000000feb00000,0x00000000feb00000,0x0000000100000000)
  to   space 21504K, 0% used [0x00000000fd600000,0x00000000fd600000,0x00000000feb00000)
 ParOldGen       total 349696K, used 306085K [0x00000000c0000000, 0x00000000d5580000, 0x00000000eab00000)
  object space 349696K, 87% used [0x00000000c0000000,0x00000000d2ae9530,0x00000000d5580000)
 Metaspace       used 5444K, capacity 5630K, committed 5888K, reserved 1056768K
  class space    used 558K, capacity 641K, committed 768K, reserved 1048576K
}
Event: 7.896 GC heap before
{Heap before GC invocations=63 (full 30):
 PSYoungGen      total 327680K, used 147215K [0x00000000eab00000, 0x0000000100000000, 0x0000000100000000)
  eden space 306176K, 48% used [0x00000000eab00000,0x00000000f3ac3eb8,0x00000000fd600000)
  from space 21504K, 0% used [0x00000000feb00000,0x00000000feb00000,0x0000000100000000)
  to   space 21504K, 0% used [0x00000000fd600000,0x00000000fd600000,0x00000000feb00000)
 ParOldGen       total 349696K, used 306085K [0x00000000c0000000, 0x00000000d5580000, 0x00000000eab00000)
  object space 349696K, 87% used [0x00000000c0000000,0x00000000d2ae9530,0x00000000d5580000)
 Metaspace       used 5444K, capacity 5630K, committed 5888K, reserved 1056768K
  class space    used 558K, capacity 641K, committed 768K, reserved 1048576K
Event: 7.904 GC heap after
Heap after GC invocations=63 (full 30):
 PSYoungGen      total 327680K, used 17776K [0x00000000eab00000, 0x0000000100000000, 0x0000000100000000)
  eden space 306176K, 0% used [0x00000000eab00000,0x00000000eab00000,0x00000000fd600000)
  from space 21504K, 82% used [0x00000000fd600000,0x00000000fe75c010,0x00000000feb00000)
  to   space 21504K, 0% used [0x00000000feb00000,0x00000000feb00000,0x0000000100000000)
 ParOldGen       total 349696K, used 306085K [0x00000000c0000000, 0x00000000d5580000, 0x00000000eab00000)
  object space 349696K, 87% used [0x00000000c0000000,0x00000000d2ae9530,0x00000000d5580000)
 Metaspace       used 5444K, capacity 5630K, committed 5888K, reserved 1056768K
  class space    used 558K, capacity 641K, committed 768K, reserved 1048576K
}
Event: 7.904 GC heap before
{Heap before GC invocations=64 (full 31):
 PSYoungGen      total 327680K, used 17776K [0x00000000eab00000, 0x0000000100000000, 0x0000000100000000)
  eden space 306176K, 0% used [0x00000000eab00000,0x00000000eab00000,0x00000000fd600000)
  from space 21504K, 82% used [0x00000000fd600000,0x00000000fe75c010,0x00000000feb00000)
  to   space 21504K, 0% used [0x00000000feb00000,0x00000000feb00000,0x0000000100000000)
 ParOldGen       total 349696K, used 306085K [0x00000000c0000000, 0x00000000d5580000, 0x00000000eab00000)
  object space 349696K, 87% used [0x00000000c0000000,0x00000000d2ae9530,0x00000000d5580000)
 Metaspace       used 5444K, capacity 5630K, committed 5888K, reserved 1056768K
  class space    used 558K, capacity 641K, committed 768K, reserved 1048576K
Event: 8.140 GC heap after
Heap after GC invocations=64 (full 31):
 PSYoungGen      total 327680K, used 0K [0x00000000eab00000, 0x0000000100000000, 0x0000000100000000)
  eden space 306176K, 0% used [0x00000000eab00000,0x00000000eab00000,0x00000000fd600000)
  from space 21504K, 0% used [0x00000000fd600000,0x00000000fd600000,0x00000000feb00000)
  to   space 21504K, 0% used [0x00000000feb00000,0x00000000feb00000,0x0000000100000000)
 ParOldGen       total 349696K, used 323567K [0x00000000c0000000, 0x00000000d5580000, 0x00000000eab00000)
  object space 349696K, 92% used [0x00000000c0000000,0x00000000d3bfbd98,0x00000000d5580000)
 Metaspace       used 5444K, capacity 5630K, committed 5888K, reserved 1056768K
  class space    used 558K, capacity 641K, committed 768K, reserved 1048576K
}
Event: 8.203 GC heap before
{Heap before GC invocations=65 (full 31):
 PSYoungGen      total 327680K, used 78614K [0x00000000eab00000, 0x0000000100000000, 0x0000000100000000)
  eden space 306176K, 25% used [0x00000000eab00000,0x00000000ef7c5a00,0x00000000fd600000)
  from space 21504K, 0% used [0x00000000fd600000,0x00000000fd600000,0x00000000feb00000)
  to   space 21504K, 0% used [0x00000000feb00000,0x00000000feb00000,0x0000000100000000)
 ParOldGen       total 349696K, used 323567K [0x00000000c0000000, 0x00000000d5580000, 0x00000000eab00000)
  object space 349696K, 92% used [0x00000000c0000000,0x00000000d3bfbd98,0x00000000d5580000)
 Metaspace       used 5532K, capacity 5630K, committed 5888K, reserved 1056768K
  class space    used 573K, capacity 641K, committed 768K, reserved 1048576K
Event: 8.206 GC heap after
Heap after GC invocations=65 (full 31):
 PSYoungGen      total 327680K, used 5529K [0x00000000eab00000, 0x0000000100000000, 0x0000000100000000)
  eden space 306176K, 0% used [0x00000000eab00000,0x00000000eab00000,0x00000000fd600000)
  from space 21504K, 25% used [0x00000000feb00000,0x00000000ff066628,0x0000000100000000)
  to   space 21504K, 0% used [0x00000000fd600000,0x00000000fd600000,0x00000000feb00000)
 ParOldGen       total 349696K, used 323575K [0x00000000c0000000, 0x00000000d5580000, 0x00000000eab00000)
  object space 349696K, 92% used [0x00000000c0000000,0x00000000d3bfdd98,0x00000000d5580000)
 Metaspace       used 5532K, capacity 5630K, committed 5888K, reserved 1056768K
  class space    used 573K, capacity 641K, committed 768K, reserved 1048576K
}
Event: 8.206 GC heap before
{Heap before GC invocations=66 (full 32):
 PSYoungGen      total 327680K, used 5529K [0x00000000eab00000, 0x0000000100000000, 0x0000000100000000)
  eden space 306176K, 0% used [0x00000000eab00000,0x00000000eab00000,0x00000000fd600000)
  from space 21504K, 25% used [0x00000000feb00000,0x00000000ff066628,0x0000000100000000)
  to   space 21504K, 0% used [0x00000000fd600000,0x00000000fd600000,0x00000000feb00000)
 ParOldGen       total 349696K, used 323575K [0x00000000c0000000, 0x00000000d5580000, 0x00000000eab00000)
  object space 349696K, 92% used [0x00000000c0000000,0x00000000d3bfdd98,0x00000000d5580000)
 Metaspace       used 5532K, capacity 5630K, committed 5888K, reserved 1056768K
  class space    used 573K, capacity 641K, committed 768K, reserved 1048576K
Event: 8.592 GC heap after
Heap after GC invocations=66 (full 32):
 PSYoungGen      total 327680K, used 0K [0x00000000eab00000, 0x0000000100000000, 0x0000000100000000)
  eden space 306176K, 0% used [0x00000000eab00000,0x00000000eab00000,0x00000000fd600000)
  from space 21504K, 0% used [0x00000000feb00000,0x00000000feb00000,0x0000000100000000)
  to   space 21504K, 0% used [0x00000000fd600000,0x00000000fd600000,0x00000000feb00000)
 ParOldGen       total 349696K, used 328827K [0x00000000c0000000, 0x00000000d5580000, 0x00000000eab00000)
  object space 349696K, 94% used [0x00000000c0000000,0x00000000d411ed58,0x00000000d5580000)
 Metaspace       used 5532K, capacity 5630K, committed 5888K, reserved 1056768K
  class space    used 573K, capacity 641K, committed 768K, reserved 1048576K
}

Deoptimization events (10 events):
Event: 8.684 Thread 0x000002329c6a3800 Uncommon trap: reason=bimorphic action=maybe_recompile pc=0x00000232a360e030 method=java.util.Hashtable.addEntry(ILjava/lang/Object;Ljava/lang/Object;I)V @ 38
Event: 8.685 Thread 0x000002329c6a3800 Uncommon trap: reason=bimorphic action=maybe_recompile pc=0x00000232a35fd474 method=java.util.Hashtable.addEntry(ILjava/lang/Object;Ljava/lang/Object;I)V @ 38
Event: 8.688 Thread 0x000002329c6a3800 Uncommon trap: reason=bimorphic action=maybe_recompile pc=0x00000232a37756c8 method=java.util.Hashtable.get(Ljava/lang/Object;)Ljava/lang/Object; @ 6
Event: 8.688 Thread 0x000002329c6a3800 Uncommon trap: reason=bimorphic action=maybe_recompile pc=0x00000232a37756c8 method=java.util.Hashtable.get(Ljava/lang/Object;)Ljava/lang/Object; @ 6
Event: 8.700 Thread 0x000002329c6a3800 Uncommon trap: reason=bimorphic action=maybe_recompile pc=0x00000232a37756c8 method=java.util.Hashtable.get(Ljava/lang/Object;)Ljava/lang/Object; @ 6
Event: 8.700 Thread 0x000002329c6a3800 Uncommon trap: reason=bimorphic action=maybe_recompile pc=0x00000232a37756c8 method=java.util.Hashtable.get(Ljava/lang/Object;)Ljava/lang/Object; @ 6
Event: 8.704 Thread 0x000002329c6a3800 Uncommon trap: reason=unstable_if action=reinterpret pc=0x00000232a37a188c method=org.snu.ids.ha.ma.MCandidate.isTagOf(J)Z @ 5
Event: 8.737 Thread 0x000002329c6a3800 Uncommon trap: reason=unstable_if action=reinterpret pc=0x00000232a3792434 method=org.snu.ids.ha.ma.MCandidate.getExp()Ljava/lang/String; @ 22
Event: 8.756 Thread 0x000002329c6a3800 Uncommon trap: reason=unstable_if action=reinterpret pc=0x00000232a3b949f0 method=sun.misc.FormattedFloatingDecimal.applyPrecision(I[CII)I @ 90
Event: 8.758 Thread 0x000002329c6a3800 Uncommon trap: reason=unstable_if action=reinterpret pc=0x00000232a3ba878c method=sun.misc.FloatingDecimal$BinaryToASCIIBuffer.dtoa(IJIZ)V @ 379

Classes redefined (0 events):
No events

Internal exceptions (10 events):
Event: 0.266 Thread 0x000002329c6a3800 Exception <a 'java/security/PrivilegedActionException'> (0x00000000eae07e98) thrown at [c:/openjdk/jdk8u/jdk8u/hotspot\src\share\vm\prims\jvm.cpp, line 1512]
Event: 0.266 Thread 0x000002329c6a3800 Exception <a 'java/security/PrivilegedActionException'> (0x00000000eae080a8) thrown at [c:/openjdk/jdk8u/jdk8u/hotspot\src\share\vm\prims\jvm.cpp, line 1512]
Event: 0.294 Thread 0x000002329c6a3800 Implicit null exception at 0x00000232a3574112 to 0x00000232a3574229
Event: 0.295 Thread 0x000002329c6a3800 Implicit null exception at 0x00000232a356f704 to 0x00000232a356f745
Event: 3.158 Thread 0x000002329c6a3800 Implicit null exception at 0x00000232a360ea6b to 0x00000232a360ecf9
Event: 3.398 Thread 0x000002329c6a3800 Implicit null exception at 0x00000232a3558b54 to 0x00000232a3558f0d
Event: 4.884 Thread 0x000002329c6a3800 Implicit null exception at 0x00000232a36be13a to 0x00000232a36bf221
Event: 4.884 Thread 0x000002329c6a3800 Implicit null exception at 0x00000232a358b9d9 to 0x00000232a358bd89
Event: 5.161 Thread 0x000002329c6a3800 Implicit null exception at 0x00000232a36c10ec to 0x00000232a36c12c1
Event: 8.651 Thread 0x000002329c6a3800 Implicit null exception at 0x00000232a347bed2 to 0x00000232a347c249

Events (10 events):
Event: 8.704 Thread 0x000002329c6a3800 DEOPT UNPACKING pc=0x00000232a3205583 sp=0x000000f442bedd90 mode 2
Event: 8.737 Thread 0x000002329c6a3800 Uncommon trap: trap_request=0xffffff65 fr.pc=0x00000232a3792434
Event: 8.737 Thread 0x000002329c6a3800 DEOPT PACKING pc=0x00000232a3792434 sp=0x000000f442bedb20
Event: 8.737 Thread 0x000002329c6a3800 DEOPT UNPACKING pc=0x00000232a3205583 sp=0x000000f442bedb20 mode 2
Event: 8.756 Thread 0x000002329c6a3800 Uncommon trap: trap_request=0xffffff65 fr.pc=0x00000232a3b949f0
Event: 8.756 Thread 0x000002329c6a3800 DEOPT PACKING pc=0x00000232a3b949f0 sp=0x000000f442bed190
Event: 8.756 Thread 0x000002329c6a3800 DEOPT UNPACKING pc=0x00000232a3205583 sp=0x000000f442bed148 mode 2
Event: 8.758 Thread 0x000002329c6a3800 Uncommon trap: trap_request=0xffffff65 fr.pc=0x00000232a3ba878c
Event: 8.758 Thread 0x000002329c6a3800 DEOPT PACKING pc=0x00000232a3ba878c sp=0x000000f442bed1a0
Event: 8.758 Thread 0x000002329c6a3800 DEOPT UNPACKING pc=0x00000232a3205583 sp=0x000000f442bed078 mode 2


Dynamic libraries:
0x00007ff6fce30000 - 0x00007ff6fce4c000 	C:\Users\coms\anaconda3\envs\snowdeer\python.exe
0x00007ffc9ddd0000 - 0x00007ffc9dfc5000 	C:\Windows\SYSTEM32\ntdll.dll
0x00007ffc9dc30000 - 0x00007ffc9dcee000 	C:\Windows\System32\KERNEL32.DLL
0x00007ffc9b740000 - 0x00007ffc9ba08000 	C:\Windows\System32\KERNELBASE.dll
0x00007ffc9b5f0000 - 0x00007ffc9b6f0000 	C:\Windows\System32\ucrtbase.dll
0x00007ffc684d0000 - 0x00007ffc68893000 	C:\Users\coms\anaconda3\envs\snowdeer\python37.dll
0x00007ffc90e70000 - 0x00007ffc90e89000 	C:\Users\coms\anaconda3\envs\snowdeer\VCRUNTIME140.dll
0x00007ffc9c450000 - 0x00007ffc9c4a5000 	C:\Windows\System32\SHLWAPI.dll
0x00007ffc9dcf0000 - 0x00007ffc9dd8e000 	C:\Windows\System32\msvcrt.dll
0x00007ffc9c4c0000 - 0x00007ffc9c52b000 	C:\Windows\System32\WS2_32.dll
0x00007ffc9c170000 - 0x00007ffc9c295000 	C:\Windows\System32\RPCRT4.dll
0x00007ffc9c530000 - 0x00007ffc9c5de000 	C:\Windows\System32\ADVAPI32.dll
0x00007ffc9be90000 - 0x00007ffc9bf2c000 	C:\Windows\System32\sechost.dll
0x00007ffc95960000 - 0x00007ffc9596a000 	C:\Windows\SYSTEM32\VERSION.dll
0x00007ffc9aec0000 - 0x00007ffc9aed8000 	C:\Windows\SYSTEM32\CRYPTSP.dll
0x00007ffc9a530000 - 0x00007ffc9a564000 	C:\Windows\system32\rsaenh.dll
0x00007ffc9bab0000 - 0x00007ffc9bad7000 	C:\Windows\System32\bcrypt.dll
0x00007ffc9adf0000 - 0x00007ffc9adfc000 	C:\Windows\SYSTEM32\CRYPTBASE.dll
0x00007ffc9b560000 - 0x00007ffc9b5e2000 	C:\Windows\System32\bcryptPrimitives.dll
0x00007ffc8fac0000 - 0x00007ffc8facf000 	C:\Users\coms\anaconda3\envs\snowdeer\python3.DLL
0x00007ffc8fa40000 - 0x00007ffc8fa4d000 	C:\Users\coms\anaconda3\envs\snowdeer\DLLs\_hashlib.pyd
0x00007ffc67040000 - 0x00007ffc6738c000 	C:\Users\coms\anaconda3\envs\snowdeer\Library\bin\libcrypto-1_1-x64.dll
0x00007ffc9cbc0000 - 0x00007ffc9cd60000 	C:\Windows\System32\USER32.dll
0x00007ffc9be00000 - 0x00007ffc9be22000 	C:\Windows\System32\win32u.dll
0x00007ffc9c5e0000 - 0x00007ffc9c60a000 	C:\Windows\System32\GDI32.dll
0x00007ffc9bc40000 - 0x00007ffc9bd4b000 	C:\Windows\System32\gdi32full.dll
0x00007ffc9ba10000 - 0x00007ffc9baad000 	C:\Windows\System32\msvcp_win.dll
0x00007ffc9dc00000 - 0x00007ffc9dc30000 	C:\Windows\System32\IMM32.DLL
0x00007ffc8e280000 - 0x00007ffc8e298000 	C:\Users\coms\anaconda3\envs\snowdeer\DLLs\_bz2.pyd
0x00007ffc8dec0000 - 0x00007ffc8def0000 	C:\Users\coms\anaconda3\envs\snowdeer\DLLs\_lzma.pyd
0x00007ffc8df20000 - 0x00007ffc8df35000 	C:\Users\coms\anaconda3\envs\snowdeer\DLLs\_socket.pyd
0x00007ffc90d00000 - 0x00007ffc90d09000 	C:\Users\coms\anaconda3\envs\snowdeer\DLLs\select.pyd
0x00007ffc8db60000 - 0x00007ffc8db7f000 	C:\Users\coms\anaconda3\envs\snowdeer\DLLs\_ssl.pyd
0x00007ffc9bae0000 - 0x00007ffc9bc36000 	C:\Windows\System32\CRYPT32.dll
0x00007ffc83890000 - 0x00007ffc8393c000 	C:\Users\coms\anaconda3\envs\snowdeer\Library\bin\libssl-1_1-x64.dll
0x00007ffc77bd0000 - 0x00007ffc77c55000 	C:\Users\coms\anaconda3\envs\snowdeer\lib\site-packages\_jpype.cp37-win_amd64.pyd
0x00007ffc60900000 - 0x00007ffc6098e000 	C:\Windows\SYSTEM32\MSVCP140.dll
0x00007ffc8c8a0000 - 0x00007ffc8c8ac000 	C:\Windows\SYSTEM32\VCRUNTIME140_1.dll
0x00007ffc8e810000 - 0x00007ffc8e819000 	C:\Users\coms\anaconda3\envs\snowdeer\DLLs\_queue.pyd
0x00007ffc7d050000 - 0x00007ffc7d094000 	C:\Users\coms\anaconda3\envs\snowdeer\DLLs\_decimal.pyd
0x00007ffc8e3a0000 - 0x00007ffc8e3c4000 	C:\Users\coms\anaconda3\envs\snowdeer\lib\site-packages\_MeCab.cp37-win_amd64.pyd
0x00007ffc6b3c0000 - 0x00007ffc6b598000 	C:\Users\coms\anaconda3\envs\snowdeer\lib\site-packages\libmecab.dll
0x00007ffc8dae0000 - 0x00007ffc8db03000 	C:\Users\coms\anaconda3\envs\snowdeer\DLLs\_ctypes.pyd
0x00007ffc9dad0000 - 0x00007ffc9dbfa000 	C:\Windows\System32\ole32.dll
0x00007ffc9c740000 - 0x00007ffc9ca94000 	C:\Windows\System32\combase.dll
0x00007ffc9c380000 - 0x00007ffc9c44d000 	C:\Windows\System32\OLEAUT32.dll
0x000000006a8c0000 - 0x000000006c673000 	C:\Users\coms\anaconda3\envs\snowdeer\lib\site-packages\numpy\.libs\libopenblas.XWYDX2IKJW2NMTWSFYNGFUWKQU3LYTCZ.gfortran-win_amd64.dll
0x00007ffc6ad60000 - 0x00007ffc6b054000 	C:\Users\coms\anaconda3\envs\snowdeer\lib\site-packages\numpy\core\_multiarray_umath.cp37-win_amd64.pyd
0x00007ffc97100000 - 0x00007ffc97120000 	C:\Users\coms\anaconda3\envs\snowdeer\lib\site-packages\numpy\core\_multiarray_tests.cp37-win_amd64.pyd
0x00007ffc8fe20000 - 0x00007ffc8fe29000 	C:\Users\coms\anaconda3\envs\snowdeer\lib\site-packages\numpy\linalg\lapack_lite.cp37-win_amd64.pyd
0x00007ffc7d250000 - 0x00007ffc7d27a000 	C:\Users\coms\anaconda3\envs\snowdeer\lib\site-packages\numpy\linalg\_umath_linalg.cp37-win_amd64.pyd
0x00007ffc7d010000 - 0x00007ffc7d030000 	C:\Users\coms\anaconda3\envs\snowdeer\lib\site-packages\numpy\fft\_pocketfft_internal.cp37-win_amd64.pyd
0x00007ffc70ec0000 - 0x00007ffc70f54000 	C:\Users\coms\anaconda3\envs\snowdeer\lib\site-packages\numpy\random\mtrand.cp37-win_amd64.pyd
0x00007ffc79f90000 - 0x00007ffc79fb9000 	C:\Users\coms\anaconda3\envs\snowdeer\lib\site-packages\numpy\random\bit_generator.cp37-win_amd64.pyd
0x00007ffc79770000 - 0x00007ffc797a1000 	C:\Users\coms\anaconda3\envs\snowdeer\lib\site-packages\numpy\random\_common.cp37-win_amd64.pyd
0x00007ffc79360000 - 0x00007ffc793a2000 	C:\Users\coms\anaconda3\envs\snowdeer\lib\site-packages\numpy\random\_bounded_integers.cp37-win_amd64.pyd
0x00007ffc79500000 - 0x00007ffc79518000 	C:\Users\coms\anaconda3\envs\snowdeer\lib\site-packages\numpy\random\_mt19937.cp37-win_amd64.pyd
0x00007ffc78200000 - 0x00007ffc78217000 	C:\Users\coms\anaconda3\envs\snowdeer\lib\site-packages\numpy\random\_philox.cp37-win_amd64.pyd
0x00007ffc77bb0000 - 0x00007ffc77bc9000 	C:\Users\coms\anaconda3\envs\snowdeer\lib\site-packages\numpy\random\_pcg64.cp37-win_amd64.pyd
0x00007ffc77b90000 - 0x00007ffc77ba2000 	C:\Users\coms\anaconda3\envs\snowdeer\lib\site-packages\numpy\random\_sfc64.cp37-win_amd64.pyd
0x00007ffc6c760000 - 0x00007ffc6c80d000 	C:\Users\coms\anaconda3\envs\snowdeer\lib\site-packages\numpy\random\_generator.cp37-win_amd64.pyd
0x00007ffc73ca0000 - 0x00007ffc73ce7000 	C:\Users\coms\anaconda3\envs\snowdeer\lib\site-packages\torch\lib\asmjit.dll
0x00007ffc718f0000 - 0x00007ffc7195c000 	C:\Users\coms\anaconda3\envs\snowdeer\lib\site-packages\torch\lib\c10.dll
0x00007ffc8a8d0000 - 0x00007ffc8aab4000 	C:\Windows\SYSTEM32\dbghelp.dll
0x00007ffc73870000 - 0x00007ffc738bb000 	C:\Users\coms\anaconda3\envs\snowdeer\lib\site-packages\torch\lib\c10_cuda.dll
0x00007ffc62c20000 - 0x00007ffc64341000 	C:\Users\coms\anaconda3\envs\snowdeer\lib\site-packages\torch\lib\caffe2_detectron_ops_gpu.dll
0x00007ffc6b1b0000 - 0x00007ffc6b3b3000 	C:\Users\coms\anaconda3\envs\snowdeer\lib\site-packages\torch\lib\libiomp5md.dll
0x00007ffc4ad60000 - 0x00007ffc4da95000 	C:\Users\coms\anaconda3\envs\snowdeer\lib\site-packages\torch\lib\torch_cuda_cpp.dll
0x00007ffb66f10000 - 0x00007ffb74ddf000 	C:\Users\coms\anaconda3\envs\snowdeer\lib\site-packages\torch\lib\cusparse64_11.dll
0x00007ffc1e2c0000 - 0x00007ffc21d0e000 	C:\Users\coms\anaconda3\envs\snowdeer\lib\site-packages\torch\lib\curand64_10.dll
0x00007ffb74de0000 - 0x00007ffb8185e000 	C:\Users\coms\anaconda3\envs\snowdeer\lib\site-packages\torch\lib\torch_cpu.dll
0x00007ffc03400000 - 0x00007ffc0a026000 	C:\Users\coms\anaconda3\envs\snowdeer\lib\site-packages\torch\lib\cublas64_11.dll
0x00007ffc77710000 - 0x00007ffc7774b000 	C:\Users\coms\anaconda3\envs\snowdeer\lib\site-packages\torch\lib\cudnn64_8.dll
0x00007ffb58f10000 - 0x00007ffb66f0b000 	C:\Users\coms\anaconda3\envs\snowdeer\lib\site-packages\torch\lib\cufft64_10.dll
0x00007ffc66cf0000 - 0x00007ffc67037000 	C:\Users\coms\anaconda3\envs\snowdeer\lib\site-packages\torch\lib\fbgemm.dll
0x00007ffb47350000 - 0x00007ffb54776000 	C:\Users\coms\anaconda3\envs\snowdeer\lib\site-packages\torch\lib\cublasLt64_11.dll
0x00007ffb81860000 - 0x00007ffbd57a4000 	C:\Users\coms\anaconda3\envs\snowdeer\lib\site-packages\torch\lib\torch_cuda_cu.dll
0x00007ffc8fe10000 - 0x00007ffc8fe20000 	C:\Users\coms\anaconda3\envs\snowdeer\lib\site-packages\torch\lib\nvToolsExt64_1.dll
0x00007ffb1e150000 - 0x00007ffb47341000 	C:\Users\coms\anaconda3\envs\snowdeer\lib\site-packages\torch\lib\cusolver64_11.dll
0x00007ffc77aa0000 - 0x00007ffc77abb000 	C:\Users\coms\anaconda3\envs\snowdeer\lib\site-packages\torch\lib\caffe2_module_test_dynamic.dll
0x00007ffc8aac0000 - 0x00007ffc8aac9000 	C:\Users\coms\anaconda3\envs\snowdeer\lib\site-packages\torch\lib\caffe2_nvrtc.dll
0x00007ffc1cac0000 - 0x00007ffc1e2bb000 	C:\Users\coms\anaconda3\envs\snowdeer\lib\site-packages\torch\lib\nvrtc64_111_0.dll
0x00007ffc6b9d0000 - 0x00007ffc6bab2000 	C:\Users\coms\anaconda3\envs\snowdeer\lib\site-packages\torch\lib\caffe2_observers.dll
0x00007ffc6c6e0000 - 0x00007ffc6c751000 	C:\Users\coms\anaconda3\envs\snowdeer\lib\site-packages\torch\lib\cudart64_110.dll
0x00007ffb15570000 - 0x00007ffb1e144000 	C:\Users\coms\anaconda3\envs\snowdeer\lib\site-packages\torch\lib\cudnn_adv_infer64_8.dll
0x00007ffaf8410000 - 0x00007ffb0c00c000 	C:\Users\coms\anaconda3\envs\snowdeer\lib\site-packages\torch\lib\cudnn_ops_infer64_8.dll
0x00007ffb0fa70000 - 0x00007ffb1556c000 	C:\Users\coms\anaconda3\envs\snowdeer\lib\site-packages\torch\lib\cudnn_adv_train64_8.dll
0x00007ffc1a740000 - 0x00007ffc1cabf000 	C:\Users\coms\anaconda3\envs\snowdeer\lib\site-packages\torch\lib\cudnn_ops_train64_8.dll
0x00007fface1e0000 - 0x00007ffaf840d000 	C:\Users\coms\anaconda3\envs\snowdeer\lib\site-packages\torch\lib\cudnn_cnn_infer64_8.dll
0x00007ffac9380000 - 0x00007fface1dc000 	C:\Users\coms\anaconda3\envs\snowdeer\lib\site-packages\torch\lib\cudnn_cnn_train64_8.dll
0x00007ffc68480000 - 0x00007ffc684c8000 	C:\Users\coms\anaconda3\envs\snowdeer\lib\site-packages\torch\lib\cufftw64_10.dll
0x00007ffab1900000 - 0x00007ffac937a000 	C:\Users\coms\anaconda3\envs\snowdeer\lib\site-packages\torch\lib\cusolverMg64_11.dll
0x00007ffc86860000 - 0x00007ffc8686d000 	C:\Users\coms\anaconda3\envs\snowdeer\lib\site-packages\torch\lib\libiompstubs5md.dll
0x00007ffc62450000 - 0x00007ffc6294c000 	C:\Users\coms\anaconda3\envs\snowdeer\lib\site-packages\torch\lib\nvrtc-builtins64_111.dll
0x00007ffc75c10000 - 0x00007ffc75c28000 	C:\Users\coms\anaconda3\envs\snowdeer\lib\site-packages\torch\lib\shm.dll
0x00007ffc85550000 - 0x00007ffc85557000 	C:\Users\coms\anaconda3\envs\snowdeer\lib\site-packages\torch\lib\torch.dll
0x00007ffc83ed0000 - 0x00007ffc83ed7000 	C:\Users\coms\anaconda3\envs\snowdeer\lib\site-packages\torch\lib\torch_cuda.dll
0x00007ffc83830000 - 0x00007ffc83837000 	C:\Users\coms\anaconda3\envs\snowdeer\lib\site-packages\torch\lib\torch_global_deps.dll
0x00007ffc5e340000 - 0x00007ffc5eedb000 	C:\Users\coms\anaconda3\envs\snowdeer\lib\site-packages\torch\lib\torch_python.dll
0x00007ffc61110000 - 0x00007ffc613cd000 	C:\Users\coms\anaconda3\envs\snowdeer\lib\site-packages\torch\lib\uv.dll
0x00007ffc9c4b0000 - 0x00007ffc9c4b8000 	C:\Windows\System32\PSAPI.DLL
0x00007ffc9b3f0000 - 0x00007ffc9b41e000 	C:\Windows\SYSTEM32\USERENV.dll
0x00007ffc9a920000 - 0x00007ffc9a95b000 	C:\Windows\SYSTEM32\IPHLPAPI.DLL
0x00007ffc83130000 - 0x00007ffc83137000 	C:\Users\coms\anaconda3\envs\snowdeer\lib\site-packages\torch\_C.cp37-win_amd64.pyd
0x00007ffc821e0000 - 0x00007ffc821ea000 	C:\Users\coms\anaconda3\envs\snowdeer\DLLs\_multiprocessing.pyd
0x00007ffc7d280000 - 0x00007ffc7d388000 	C:\Users\coms\anaconda3\envs\snowdeer\DLLs\unicodedata.pyd
0x00007ffc84200000 - 0x00007ffc84214000 	C:\Users\coms\anaconda3\envs\snowdeer\DLLs\_asyncio.pyd
0x00007ffc8f630000 - 0x00007ffc8f63d000 	C:\Users\coms\anaconda3\envs\snowdeer\DLLs\_overlapped.pyd
0x00007ffc9ac60000 - 0x00007ffc9acca000 	C:\Windows\system32\mswsock.dll
0x00007ffc81c60000 - 0x00007ffc81c70000 	C:\Users\coms\anaconda3\envs\snowdeer\lib\site-packages\h5py\_errors.cp37-win_amd64.pyd
0x00007ffc5c020000 - 0x00007ffc5c35b000 	C:\Users\coms\anaconda3\envs\snowdeer\lib\site-packages\h5py\hdf5.dll
0x00007ffc74010000 - 0x00007ffc7402a000 	C:\Users\coms\anaconda3\envs\snowdeer\lib\site-packages\h5py\zlib.dll
0x00007ffc73ff0000 - 0x00007ffc7400b000 	C:\Users\coms\anaconda3\envs\snowdeer\lib\site-packages\h5py\h5.cp37-win_amd64.pyd
0x00007ffc73c60000 - 0x00007ffc73c9c000 	C:\Users\coms\anaconda3\envs\snowdeer\lib\site-packages\h5py\defs.cp37-win_amd64.pyd
0x00007ffc6d770000 - 0x00007ffc6d791000 	C:\Users\coms\anaconda3\envs\snowdeer\lib\site-packages\h5py\hdf5_hl.dll
0x00007ffc72b80000 - 0x00007ffc72b9f000 	C:\Users\coms\anaconda3\envs\snowdeer\lib\site-packages\h5py\_objects.cp37-win_amd64.pyd
0x00007ffc68440000 - 0x00007ffc68472000 	C:\Users\coms\anaconda3\envs\snowdeer\lib\site-packages\h5py\_conv.cp37-win_amd64.pyd
0x00007ffc71220000 - 0x00007ffc71235000 	C:\Users\coms\anaconda3\envs\snowdeer\lib\site-packages\h5py\h5r.cp37-win_amd64.pyd
0x00007ffc683e0000 - 0x00007ffc68437000 	C:\Users\coms\anaconda3\envs\snowdeer\lib\site-packages\h5py\h5t.cp37-win_amd64.pyd
0x00007ffc68380000 - 0x00007ffc683d3000 	C:\Users\coms\anaconda3\envs\snowdeer\lib\site-packages\h5py\h5p.cp37-win_amd64.pyd
0x00007ffc70ea0000 - 0x00007ffc70ebc000 	C:\Users\coms\anaconda3\envs\snowdeer\lib\site-packages\h5py\h5s.cp37-win_amd64.pyd
0x00007ffc6b9b0000 - 0x00007ffc6b9c2000 	C:\Users\coms\anaconda3\envs\snowdeer\lib\site-packages\h5py\utils.cp37-win_amd64.pyd
0x00007ffc6b190000 - 0x00007ffc6b1a2000 	C:\Users\coms\anaconda3\envs\snowdeer\lib\site-packages\h5py\h5ac.cp37-win_amd64.pyd
0x00007ffc68360000 - 0x00007ffc68371000 	C:\Users\coms\anaconda3\envs\snowdeer\lib\site-packages\h5py\h5z.cp37-win_amd64.pyd
0x00007ffc68330000 - 0x00007ffc68352000 	C:\Users\coms\anaconda3\envs\snowdeer\lib\site-packages\h5py\h5a.cp37-win_amd64.pyd
0x00007ffc7edf0000 - 0x00007ffc7ee00000 	C:\Users\coms\anaconda3\envs\snowdeer\lib\site-packages\h5py\_proxy.cp37-win_amd64.pyd
0x00007ffc681d0000 - 0x00007ffc681f4000 	C:\Users\coms\anaconda3\envs\snowdeer\lib\site-packages\h5py\h5d.cp37-win_amd64.pyd
0x00007ffc681b0000 - 0x00007ffc681c6000 	C:\Users\coms\anaconda3\envs\snowdeer\lib\site-packages\h5py\h5ds.cp37-win_amd64.pyd

VM Arguments:
jvm_args: -Dfile.encoding=UTF8 -ea -Xmx1024m 
java_command: <unknown>
java_class_path (initial): C:\Users\coms\anaconda3\envs\snowdeer\lib\site-packages\konlpy\java;C:\Users\coms\anaconda3\envs\snowdeer\lib\site-packages\konlpy\java\bin;C:\Users\coms\anaconda3\envs\snowdeer\lib\site-packages\konlpy\java\aho-corasick.jar;C:\Users\coms\anaconda3\envs\snowdeer\lib\site-packages\konlpy\java\jhannanum-0.8.4.jar;C:\Users\coms\anaconda3\envs\snowdeer\lib\site-packages\konlpy\java\kkma-2.0.jar;C:\Users\coms\anaconda3\envs\snowdeer\lib\site-packages\konlpy\java\komoran-3.0.jar;C:\Users\coms\anaconda3\envs\snowdeer\lib\site-packages\konlpy\java\open-korean-text-2.1.0.jar;C:\Users\coms\anaconda3\envs\snowdeer\lib\site-packages\konlpy\java\scala-library-2.12.3.jar;C:\Users\coms\anaconda3\envs\snowdeer\lib\site-packages\konlpy\java\shineware-common-1.0.jar;C:\Users\coms\anaconda3\envs\snowdeer\lib\site-packages\konlpy\java\shineware-ds-1.0.jar;C:\Users\coms\anaconda3\envs\snowdeer\lib\site-packages\konlpy\java\snakeyaml-1.12.jar;C:\Users\coms\anaconda3\envs\snowdeer\lib\site-packages\konlpy\java\twitter-text-1.14.7.jar;C:\Users\coms\anaconda3\envs\snowdeer\lib\site-packages\konlpy\java\jhannanum-0.8.4.jar;C:\Users\coms\anaconda3\envs\snowdeer\lib\site-packages\konlpy\java\kkma-2.0.jar;C:\Users\coms\anaconda3\envs\snowdeer\lib\site-packages\konlpy\java\aho-corasick.jar;C:\Users\coms\anaconda3\envs\snowdeer\lib\site-packages\konlpy\java\shineware-common-1.0.jar;C:\Users\coms\anaconda3\envs\snowdeer\lib\site-packages\konlpy\java\shineware-ds-1.0.jar;C:\Users\coms\anaconda3\envs\snowdeer\lib\site-packages\konlpy\java\komoran-3.0.jar;C:\Users\coms\anaconda3\envs\snowdeer\lib\site-packages\konlpy\java\snakeyaml-1.12.jar;C:\Users\coms\anaconda3\envs\snowdeer\lib\site-packages\konlpy\java\scala-library-2.12.3.jar;C:\Users\coms\anaconda3\envs\snowdeer\lib\site-packages\konlpy\java\open-korean-text-2.1.0.jar;C:\Users\coms\anaconda3\envs\snowdeer\lib\site-packages\konlpy\java\twitter-text-1.14.7.jar;C:\Users\coms\anaconda3\envs\snowdeer\lib\site-packages\k
Launcher Type: generic

Environment Variables:
JAVA_HOME=D:\openlogic-openjdk-8u262-b10-windows-x64\openlogic-openjdk-8u262-b10-win-64
PATH=C:\Users\coms\anaconda3\envs\snowdeer;C:\Users\coms\anaconda3\envs\snowdeer\Library\mingw-w64\bin;C:\Users\coms\anaconda3\envs\snowdeer\Library\usr\bin;C:\Users\coms\anaconda3\envs\snowdeer\Library\bin;C:\Users\coms\anaconda3\envs\snowdeer\Scripts;C:\Users\coms\anaconda3\envs\snowdeer\bin;C:\Users\coms\anaconda3\condabin;C:\Program Files\NVIDIA GPU Computing Toolkit\CUDA\v11.2\bin;C:\Program Files\NVIDIA GPU Computing Toolkit\CUDA\v11.2\libnvvp;C:\Python310\Scripts;C:\Python310;C:\Windows\system32;C:\Windows;C:\Windows\System32\Wbem;C:\Windows\System32\WindowsPowerShell\v1.0;C:\Windows\System32\OpenSSH;C:\Program Files\NVIDIA Corporation\NVIDIA NvDLISR;C:\Users\coms\anaconda3;C:\Users\coms\anaconda3\Library\mingw-w64\bin;C:\Users\coms\anaconda3\Library\usr\bin;C:\Users\coms\anaconda3\Scripts;C:\Program Files\nodejs;C:\ProgramData\chocolatey\bin;C:\Program Files\Git\cmd;C:\Program Files\MySQL\MySQL Server 8.0\bin;D:\shell.w32-ix86;C:\Users\coms\.cargo\bin;C:\Program Files\Docker\Docker\resources\bin;C:\ProgramData\DockerDesktop\version-bin;C:\Program Files\NVIDIA Corporation\Nsight Compute 2020.3.1;C:\Program Files (x86)\NVIDIA Corporation\PhysX\Common;D:\openlogic-openjdk-8u262-b10-windows-x64\openlogic-openjdk-8u262-b10-win-64\bin;C:\Program Files\MySQL\MySQL Shell 8.0\bin;C:\Users\coms\AppData\Local\Microsoft\WindowsApps;C:\Users\coms\AppData\Local\Programs\Microsoft VS Code\bin;C:\Users\coms\AppData\Roaming\npm;C:\Users\coms\AppData\Local\GitHubDesktop\bin;C:\Program Files\NVIDIA GPU Computing Toolkit\CUDA\v11.2\bin;C:\Program Files\NVIDIA GPU Computing Toolkit\CUDA\v11.2\include;C:\Program Files\NVIDIA GPU Computing Toolkit\CUDA\v11.2\lib;.;C:\Program Files (x86)\ESTsoft\ALSee\x64;C:\Users\coms\anaconda3\envs\snowdeer\lib\site-packages\numpy\.libs;C:\Users\coms\anaconda3\envs\snowdeer\lib\site-packages\scipy\.libs
USERNAME=coms
OS=Windows_NT
PROCESSOR_IDENTIFIER=Intel64 Family 6 Model 167 Stepping 1, GenuineIntel



---------------  S Y S T E M  ---------------

OS: Windows 10.0 , 64 bit Build 19041 (10.0.19041.1645)

CPU:total 16 (initial active 16) (8 cores per cpu, 2 threads per core) family 6 model 167 stepping 1, cmov, cx8, fxsr, mmx, sse, sse2, sse3, ssse3, sse4.1, sse4.2, popcnt, avx, avx2, aes, clmul, erms, 3dnowpref, lzcnt, ht, tsc, tscinvbit, bmi1, bmi2, adx

Memory: 4k page, physical 33433204k(14478876k free), swap 33433204k(10392k free)

vm_info: OpenJDK 64-Bit Server VM (25.71-b10) for windows-amd64 JRE (1.8.0-262-b10), built on Jul 25 2020 01:22:05 by "Administrator" with MS VC++ 10.0 (VS2010)

time: Wed May 11 17:32:46 2022
timezone: 대한민국 표준시
elapsed time: 8 seconds (0d 0h 0m 8s)

