#
# There is insufficient memory for the Java Runtime Environment to continue.
# Native memory allocation (malloc) failed to allocate 1409456 bytes for Chunk::new
# Possible reasons:
#   The system is out of physical RAM or swap space
#   The process is running with CompressedOops enabled, and the Java Heap may be blocking the growth of the native heap
# Possible solutions:
#   Reduce memory load on the system
#   Increase physical memory or swap space
#   Check if swap backing store is full
#   Decrease Java heap size (-Xmx/-Xms)
#   Decrease number of Java threads
#   Decrease Java thread stack sizes (-Xss)
#   Set larger code cache with -XX:ReservedCodeCacheSize=
#   JVM is running with Unscaled Compressed Oops mode in which the Java heap is
#     placed in the first 4GB address space. The Java Heap base address is the
#     maximum limit for the native heap growth. Please use -XX:HeapBaseMinAddress
#     to set the Java Heap base and to place the Java Heap above 4GB virtual address.
# This output file may be truncated or incomplete.
#
#  Out of Memory Error (allocation.cpp:389), pid=23484, tid=0x0000000000003b44
#
# JRE version: OpenJDK Runtime Environment (8.0-b10) (build 1.8.0-262-b10)
# Java VM: OpenJDK 64-Bit Server VM (25.71-b10 mixed mode windows-amd64 compressed oops)
# Failed to write core dump. Minidumps are not enabled by default on client versions of Windows
#

---------------  T H R E A D  ---------------

Current thread (0x000001d7ba009800):  JavaThread "C2 CompilerThread4" daemon [_thread_in_native, id=15172, stack(0x000000bd6aef0000,0x000000bd6b0e0000)]

Stack: [0x000000bd6aef0000,0x000000bd6b0e0000]
[error occurred during error reporting (printing stack bounds), id 0xc0000005]

Native frames: (J=compiled Java code, j=interpreted, Vv=VM code, C=native code)


Current CompileTask:
C2:   9607 1499   !   4       java.util.Formatter::format (271 bytes)


---------------  P R O C E S S  ---------------

Java Threads: ( => current thread )
  0x000001d7ba259800 JavaThread "Python Reference Queue" daemon [_thread_blocked, id=12716, stack(0x000000bd6c250000,0x000000bd6c440000)]
  0x000001d7ba0d0000 JavaThread "Service Thread" daemon [_thread_blocked, id=25792, stack(0x000000bd6be70000,0x000000bd6c060000)]
  0x000001d7ba03b000 JavaThread "C1 CompilerThread11" daemon [_thread_blocked, id=8516, stack(0x000000bd6bc80000,0x000000bd6be70000)]
  0x000001d7ba02a800 JavaThread "C1 CompilerThread10" daemon [_thread_blocked, id=9260, stack(0x000000bd6ba90000,0x000000bd6bc80000)]
  0x000001d7ba021800 JavaThread "C1 CompilerThread9" daemon [_thread_blocked, id=20796, stack(0x000000bd6b8a0000,0x000000bd6ba90000)]
  0x000001d7ba01f000 JavaThread "C1 CompilerThread8" daemon [_thread_blocked, id=15748, stack(0x000000bd6b6b0000,0x000000bd6b8a0000)]
  0x000001d7ba012000 JavaThread "C2 CompilerThread7" daemon [_thread_blocked, id=11380, stack(0x000000bd6b4c0000,0x000000bd6b6b0000)]
  0x000001d7ba00d000 JavaThread "C2 CompilerThread6" daemon [_thread_blocked, id=4656, stack(0x000000bd6b2d0000,0x000000bd6b4c0000)]
  0x000001d7ba00c000 JavaThread "C2 CompilerThread5" daemon [_thread_blocked, id=19916, stack(0x000000bd6b0e0000,0x000000bd6b2d0000)]
=>0x000001d7ba009800 JavaThread "C2 CompilerThread4" daemon [_thread_in_native, id=15172, stack(0x000000bd6aef0000,0x000000bd6b0e0000)]
  0x000001d7ba008800 JavaThread "C2 CompilerThread3" daemon [_thread_blocked, id=23056, stack(0x000000bd6ad00000,0x000000bd6aef0000)]
  0x000001d7ba006000 JavaThread "C2 CompilerThread2" daemon [_thread_blocked, id=25076, stack(0x000000bd6ab10000,0x000000bd6ad00000)]
  0x000001d7ba001000 JavaThread "C2 CompilerThread1" daemon [_thread_blocked, id=18396, stack(0x000000bd6a920000,0x000000bd6ab10000)]
  0x000001d7b9fa8000 JavaThread "C2 CompilerThread0" daemon [_thread_blocked, id=18064, stack(0x000000bd6a730000,0x000000bd6a920000)]
  0x000001d7ba000000 JavaThread "Attach Listener" daemon [_thread_blocked, id=10376, stack(0x000000bd6a540000,0x000000bd6a730000)]
  0x000001d7b9ffd000 JavaThread "Signal Dispatcher" daemon [_thread_blocked, id=17676, stack(0x000000bd6a350000,0x000000bd6a540000)]
  0x000001d7b6ac4000 JavaThread "Finalizer" daemon [_thread_blocked, id=23724, stack(0x000000bd6a160000,0x000000bd6a350000)]
  0x000001d7b9f86000 JavaThread "Reference Handler" daemon [_thread_blocked, id=8448, stack(0x000000bd69f70000,0x000000bd6a160000)]
  0x000001d7b4fb3800 JavaThread "main" [_thread_blocked, id=16004, stack(0x000000bd62600000,0x000000bd627f0000)]

Other Threads:
  0x000001d7b9f65800 VMThread [stack: 0x000000bd69d80000,0x000000bd69f70000] [id=13012]
  0x000001d7ba0e6000 WatcherThread [stack: 0x000000bd6c060000,0x000000bd6c250000] [id=2704]

VM state:not at safepoint (normal execution)

VM Mutex/Monitor currently owned by a thread: None

heap address: 0x00000000c0000000, size: 1024 MB, Compressed Oops mode: 32-bit
Narrow klass base: 0x0000000000000000, Narrow klass shift: 3
Compressed class space size: 1073741824 Address: 0x0000000100000000

Heap:
 PSYoungGen      total 327680K, used 133493K [0x00000000eab00000, 0x0000000100000000, 0x0000000100000000)
  eden space 306176K, 43% used [0x00000000eab00000,0x00000000f2d5d498,0x00000000fd600000)
  from space 21504K, 0% used [0x00000000feb00000,0x00000000feb00000,0x0000000100000000)
  to   space 21504K, 0% used [0x00000000fd600000,0x00000000fd600000,0x00000000feb00000)
 ParOldGen       total 349696K, used 328741K [0x00000000c0000000, 0x00000000d5580000, 0x00000000eab00000)
  object space 349696K, 94% used [0x00000000c0000000,0x00000000d41094c0,0x00000000d5580000)
 Metaspace       used 6158K, capacity 6340K, committed 6656K, reserved 1056768K
  class space    used 626K, capacity 706K, committed 768K, reserved 1048576K

Card table byte_map: [0x000001d7b64c0000,0x000001d7b66d0000] byte_map_base: 0x000001d7b5ec0000

Marking Bits: (ParMarkBitMap*) 0x000000005a538e90
 Begin Bits: [0x000001d7cab40000, 0x000001d7cbb40000)
 End Bits:   [0x000001d7cbb40000, 0x000001d7ccb40000)

Polling page: 0x000001d7b0380000

CodeCache: size=245760Kb used=10741Kb max_used=10777Kb free=235018Kb
 bounds [0x000001d7bbb40000, 0x000001d7bc5e0000, 0x000001d7cab40000]
 total_blobs=1882 nmethods=1563 adapters=230
 compilation: enabled

Compilation events (10 events):
Event: 9.296 Thread 0x000001d7ba006000 nmethod 1582 0x000001d7bc59fb10 code [0x000001d7bc59fcc0, 0x000001d7bc5a0c98]
Event: 9.296 Thread 0x000001d7ba006000 1531       4       java.lang.Double::compare (54 bytes)
Event: 9.297 Thread 0x000001d7ba008800 nmethod 1564 0x000001d7bc5a1890 code [0x000001d7bc5a1b80, 0x000001d7bc5a3cb8]
Event: 9.297 Thread 0x000001d7ba008800 1550       4       java.util.Arrays::fill (28 bytes)
Event: 9.297 Thread 0x000001d7ba006000 nmethod 1531 0x000001d7bc562990 code [0x000001d7bc562ac0, 0x000001d7bc562bb8]
Event: 9.297 Thread 0x000001d7ba008800 nmethod 1550 0x000001d7bc58da90 code [0x000001d7bc58dbe0, 0x000001d7bc58dd18]
Event: 9.298 Thread 0x000001d7ba012000 nmethod 1511 0x000001d7bc58de90 code [0x000001d7bc58e040, 0x000001d7bc58e6d8]
Event: 9.300 Thread 0x000001d7ba00d000 nmethod 1476 0x000001d7bc5a6b90 code [0x000001d7bc5a78e0, 0x000001d7bc5aacb8]
Event: 9.303 Thread 0x000001d7b9fa8000 nmethod 1569 0x000001d7bc5afbd0 code [0x000001d7bc5afe40, 0x000001d7bc5b2008]
Event: 9.327 Thread 0x000001d7ba001000 nmethod 1579 0x000001d7bc5b3710 code [0x000001d7bc5b39a0, 0x000001d7bc5b6678]

GC Heap History (10 events):
Event: 8.027 GC heap before
{Heap before GC invocations=61 (full 29):
 PSYoungGen      total 327680K, used 18320K [0x00000000eab00000, 0x0000000100000000, 0x0000000100000000)
  eden space 306176K, 0% used [0x00000000eab00000,0x00000000eab00000,0x00000000fd600000)
  from space 21504K, 85% used [0x00000000feb00000,0x00000000ffce4010,0x0000000100000000)
  to   space 21504K, 0% used [0x00000000fd600000,0x00000000fd600000,0x00000000feb00000)
 ParOldGen       total 349696K, used 300465K [0x00000000c0000000, 0x00000000d5580000, 0x00000000eab00000)
  object space 349696K, 85% used [0x00000000c0000000,0x00000000d256c4e0,0x00000000d5580000)
 Metaspace       used 5444K, capacity 5630K, committed 5888K, reserved 1056768K
  class space    used 558K, capacity 641K, committed 768K, reserved 1048576K
Event: 8.254 GC heap after
Heap after GC invocations=61 (full 29):
 PSYoungGen      total 327680K, used 0K [0x00000000eab00000, 0x0000000100000000, 0x0000000100000000)
  eden space 306176K, 0% used [0x00000000eab00000,0x00000000eab00000,0x00000000fd600000)
  from space 21504K, 0% used [0x00000000feb00000,0x00000000feb00000,0x0000000100000000)
  to   space 21504K, 0% used [0x00000000fd600000,0x00000000fd600000,0x00000000feb00000)
 ParOldGen       total 349696K, used 318459K [0x00000000c0000000, 0x00000000d5580000, 0x00000000eab00000)
  object space 349696K, 91% used [0x00000000c0000000,0x00000000d36fede0,0x00000000d5580000)
 Metaspace       used 5444K, capacity 5630K, committed 5888K, reserved 1056768K
  class space    used 558K, capacity 641K, committed 768K, reserved 1048576K
}
Event: 8.319 GC heap before
{Heap before GC invocations=62 (full 29):
 PSYoungGen      total 327680K, used 123815K [0x00000000eab00000, 0x0000000100000000, 0x0000000100000000)
  eden space 306176K, 40% used [0x00000000eab00000,0x00000000f23e9cb8,0x00000000fd600000)
  from space 21504K, 0% used [0x00000000feb00000,0x00000000feb00000,0x0000000100000000)
  to   space 21504K, 0% used [0x00000000fd600000,0x00000000fd600000,0x00000000feb00000)
 ParOldGen       total 349696K, used 318459K [0x00000000c0000000, 0x00000000d5580000, 0x00000000eab00000)
  object space 349696K, 91% used [0x00000000c0000000,0x00000000d36fede0,0x00000000d5580000)
 Metaspace       used 5491K, capacity 5630K, committed 5888K, reserved 1056768K
  class space    used 565K, capacity 641K, committed 768K, reserved 1048576K
Event: 8.324 GC heap after
Heap after GC invocations=62 (full 29):
 PSYoungGen      total 327680K, used 10649K [0x00000000eab00000, 0x0000000100000000, 0x0000000100000000)
  eden space 306176K, 0% used [0x00000000eab00000,0x00000000eab00000,0x00000000fd600000)
  from space 21504K, 49% used [0x00000000fd600000,0x00000000fe066628,0x00000000feb00000)
  to   space 21504K, 0% used [0x00000000feb00000,0x00000000feb00000,0x0000000100000000)
 ParOldGen       total 349696K, used 318467K [0x00000000c0000000, 0x00000000d5580000, 0x00000000eab00000)
  object space 349696K, 91% used [0x00000000c0000000,0x00000000d3700de0,0x00000000d5580000)
 Metaspace       used 5491K, capacity 5630K, committed 5888K, reserved 1056768K
  class space    used 565K, capacity 641K, committed 768K, reserved 1048576K
}
Event: 8.324 GC heap before
{Heap before GC invocations=63 (full 30):
 PSYoungGen      total 327680K, used 10649K [0x00000000eab00000, 0x0000000100000000, 0x0000000100000000)
  eden space 306176K, 0% used [0x00000000eab00000,0x00000000eab00000,0x00000000fd600000)
  from space 21504K, 49% used [0x00000000fd600000,0x00000000fe066628,0x00000000feb00000)
  to   space 21504K, 0% used [0x00000000feb00000,0x00000000feb00000,0x0000000100000000)
 ParOldGen       total 349696K, used 318467K [0x00000000c0000000, 0x00000000d5580000, 0x00000000eab00000)
  object space 349696K, 91% used [0x00000000c0000000,0x00000000d3700de0,0x00000000d5580000)
 Metaspace       used 5491K, capacity 5630K, committed 5888K, reserved 1056768K
  class space    used 565K, capacity 641K, committed 768K, reserved 1048576K
Event: 8.690 GC heap after
Heap after GC invocations=63 (full 30):
 PSYoungGen      total 327680K, used 0K [0x00000000eab00000, 0x0000000100000000, 0x0000000100000000)
  eden space 306176K, 0% used [0x00000000eab00000,0x00000000eab00000,0x00000000fd600000)
  from space 21504K, 0% used [0x00000000fd600000,0x00000000fd600000,0x00000000feb00000)
  to   space 21504K, 0% used [0x00000000feb00000,0x00000000feb00000,0x0000000100000000)
 ParOldGen       total 349696K, used 328817K [0x00000000c0000000, 0x00000000d5580000, 0x00000000eab00000)
  object space 349696K, 94% used [0x00000000c0000000,0x00000000d411c400,0x00000000d5580000)
 Metaspace       used 5491K, capacity 5630K, committed 5888K, reserved 1056768K
  class space    used 565K, capacity 641K, committed 768K, reserved 1048576K
}
Event: 8.743 GC heap before
{Heap before GC invocations=64 (full 30):
 PSYoungGen      total 327680K, used 12357K [0x00000000eab00000, 0x0000000100000000, 0x0000000100000000)
  eden space 306176K, 4% used [0x00000000eab00000,0x00000000eb711790,0x00000000fd600000)
  from space 21504K, 0% used [0x00000000fd600000,0x00000000fd600000,0x00000000feb00000)
  to   space 21504K, 0% used [0x00000000feb00000,0x00000000feb00000,0x0000000100000000)
 ParOldGen       total 349696K, used 328817K [0x00000000c0000000, 0x00000000d5580000, 0x00000000eab00000)
  object space 349696K, 94% used [0x00000000c0000000,0x00000000d411c400,0x00000000d5580000)
 Metaspace       used 5532K, capacity 5630K, committed 5888K, reserved 1056768K
  class space    used 573K, capacity 641K, committed 768K, reserved 1048576K
Event: 8.744 GC heap after
Heap after GC invocations=64 (full 30):
 PSYoungGen      total 327680K, used 160K [0x00000000eab00000, 0x0000000100000000, 0x0000000100000000)
  eden space 306176K, 0% used [0x00000000eab00000,0x00000000eab00000,0x00000000fd600000)
  from space 21504K, 0% used [0x00000000feb00000,0x00000000feb28000,0x0000000100000000)
  to   space 21504K, 0% used [0x00000000fd600000,0x00000000fd600000,0x00000000feb00000)
 ParOldGen       total 349696K, used 328825K [0x00000000c0000000, 0x00000000d5580000, 0x00000000eab00000)
  object space 349696K, 94% used [0x00000000c0000000,0x00000000d411e400,0x00000000d5580000)
 Metaspace       used 5532K, capacity 5630K, committed 5888K, reserved 1056768K
  class space    used 573K, capacity 641K, committed 768K, reserved 1048576K
}
Event: 8.744 GC heap before
{Heap before GC invocations=65 (full 31):
 PSYoungGen      total 327680K, used 160K [0x00000000eab00000, 0x0000000100000000, 0x0000000100000000)
  eden space 306176K, 0% used [0x00000000eab00000,0x00000000eab00000,0x00000000fd600000)
  from space 21504K, 0% used [0x00000000feb00000,0x00000000feb28000,0x0000000100000000)
  to   space 21504K, 0% used [0x00000000fd600000,0x00000000fd600000,0x00000000feb00000)
 ParOldGen       total 349696K, used 328825K [0x00000000c0000000, 0x00000000d5580000, 0x00000000eab00000)
  object space 349696K, 94% used [0x00000000c0000000,0x00000000d411e400,0x00000000d5580000)
 Metaspace       used 5532K, capacity 5630K, committed 5888K, reserved 1056768K
  class space    used 573K, capacity 641K, committed 768K, reserved 1048576K
Event: 9.090 GC heap after
Heap after GC invocations=65 (full 31):
 PSYoungGen      total 327680K, used 0K [0x00000000eab00000, 0x0000000100000000, 0x0000000100000000)
  eden space 306176K, 0% used [0x00000000eab00000,0x00000000eab00000,0x00000000fd600000)
  from space 21504K, 0% used [0x00000000feb00000,0x00000000feb00000,0x0000000100000000)
  to   space 21504K, 0% used [0x00000000fd600000,0x00000000fd600000,0x00000000feb00000)
 ParOldGen       total 349696K, used 328741K [0x00000000c0000000, 0x00000000d5580000, 0x00000000eab00000)
  object space 349696K, 94% used [0x00000000c0000000,0x00000000d41094c0,0x00000000d5580000)
 Metaspace       used 5532K, capacity 5630K, committed 5888K, reserved 1056768K
  class space    used 573K, capacity 641K, committed 768K, reserved 1048576K
}

Deoptimization events (10 events):
Event: 9.181 Thread 0x000001d7b4fb3800 Uncommon trap: reason=bimorphic action=maybe_recompile pc=0x000001d7bbf8e8f4 method=java.util.Hashtable.addEntry(ILjava/lang/Object;Ljava/lang/Object;I)V @ 38
Event: 9.184 Thread 0x000001d7b4fb3800 Uncommon trap: reason=bimorphic action=maybe_recompile pc=0x000001d7bc0ed648 method=java.util.Hashtable.get(Ljava/lang/Object;)Ljava/lang/Object; @ 6
Event: 9.184 Thread 0x000001d7b4fb3800 Uncommon trap: reason=bimorphic action=maybe_recompile pc=0x000001d7bc0ed648 method=java.util.Hashtable.get(Ljava/lang/Object;)Ljava/lang/Object; @ 6
Event: 9.196 Thread 0x000001d7b4fb3800 Uncommon trap: reason=bimorphic action=maybe_recompile pc=0x000001d7bc0ed648 method=java.util.Hashtable.get(Ljava/lang/Object;)Ljava/lang/Object; @ 6
Event: 9.196 Thread 0x000001d7b4fb3800 Uncommon trap: reason=bimorphic action=maybe_recompile pc=0x000001d7bc0ed648 method=java.util.Hashtable.get(Ljava/lang/Object;)Ljava/lang/Object; @ 6
Event: 9.199 Thread 0x000001d7b4fb3800 Uncommon trap: reason=null_check action=make_not_entrant pc=0x000001d7bc3aef8c method=org.snu.ids.ha.dic.PDDictionary.getLnprPos(J)F @ 13
Event: 9.199 Thread 0x000001d7b4fb3800 Uncommon trap: reason=unstable_if action=reinterpret pc=0x000001d7bc0efd8c method=org.snu.ids.ha.ma.MCandidate.isTagOf(J)Z @ 5
Event: 9.233 Thread 0x000001d7b4fb3800 Uncommon trap: reason=unstable_if action=reinterpret pc=0x000001d7bc0f3d60 method=org.snu.ids.ha.ma.MCandidate.getExp()Ljava/lang/String; @ 22
Event: 9.251 Thread 0x000001d7b4fb3800 Uncommon trap: reason=unstable_if action=reinterpret pc=0x000001d7bc54c6f0 method=sun.misc.FormattedFloatingDecimal.applyPrecision(I[CII)I @ 90
Event: 9.252 Thread 0x000001d7b4fb3800 Uncommon trap: reason=unstable_if action=reinterpret pc=0x000001d7bc52795c method=sun.misc.FloatingDecimal$BinaryToASCIIBuffer.dtoa(IJIZ)V @ 379

Classes redefined (0 events):
No events

Internal exceptions (10 events):
Event: 0.270 Thread 0x000001d7b4fb3800 Exception <a 'java/security/PrivilegedActionException'> (0x00000000eae07e98) thrown at [c:/openjdk/jdk8u/jdk8u/hotspot\src\share\vm\prims\jvm.cpp, line 1512]
Event: 0.270 Thread 0x000001d7b4fb3800 Exception <a 'java/security/PrivilegedActionException'> (0x00000000eae080a8) thrown at [c:/openjdk/jdk8u/jdk8u/hotspot\src\share\vm\prims\jvm.cpp, line 1512]
Event: 0.299 Thread 0x000001d7b4fb3800 Implicit null exception at 0x000001d7bbef6792 to 0x000001d7bbef68a9
Event: 0.300 Thread 0x000001d7b4fb3800 Implicit null exception at 0x000001d7bbef2bc4 to 0x000001d7bbef2c05
Event: 3.108 Thread 0x000001d7b4fb3800 Implicit null exception at 0x000001d7bbf953ab to 0x000001d7bbf95639
Event: 3.352 Thread 0x000001d7b4fb3800 Implicit null exception at 0x000001d7bbedbfd4 to 0x000001d7bbedc38d
Event: 4.272 Thread 0x000001d7b4fb3800 Implicit null exception at 0x000001d7bc0324fa to 0x000001d7bc0335e1
Event: 4.272 Thread 0x000001d7b4fb3800 Implicit null exception at 0x000001d7bbf0d319 to 0x000001d7bbf0d6c9
Event: 5.162 Thread 0x000001d7b4fb3800 Implicit null exception at 0x000001d7bc0356ac to 0x000001d7bc035881
Event: 9.147 Thread 0x000001d7b4fb3800 Implicit null exception at 0x000001d7bbe44f12 to 0x000001d7bbe4528d

Events (10 events):
Event: 9.199 Thread 0x000001d7b4fb3800 DEOPT UNPACKING pc=0x000001d7bbb85583 sp=0x000000bd627edec0 mode 2
Event: 9.233 Thread 0x000001d7b4fb3800 Uncommon trap: trap_request=0xffffff65 fr.pc=0x000001d7bc0f3d60
Event: 9.233 Thread 0x000001d7b4fb3800 DEOPT PACKING pc=0x000001d7bc0f3d60 sp=0x000000bd627edc70
Event: 9.233 Thread 0x000001d7b4fb3800 DEOPT UNPACKING pc=0x000001d7bbb85583 sp=0x000000bd627edc50 mode 2
Event: 9.251 Thread 0x000001d7b4fb3800 Uncommon trap: trap_request=0xffffff65 fr.pc=0x000001d7bc54c6f0
Event: 9.251 Thread 0x000001d7b4fb3800 DEOPT PACKING pc=0x000001d7bc54c6f0 sp=0x000000bd627ed410
Event: 9.251 Thread 0x000001d7b4fb3800 DEOPT UNPACKING pc=0x000001d7bbb85583 sp=0x000000bd627ed3c8 mode 2
Event: 9.252 Thread 0x000001d7b4fb3800 Uncommon trap: trap_request=0xffffff65 fr.pc=0x000001d7bc52795c
Event: 9.252 Thread 0x000001d7b4fb3800 DEOPT PACKING pc=0x000001d7bc52795c sp=0x000000bd627ed420
Event: 9.253 Thread 0x000001d7b4fb3800 DEOPT UNPACKING pc=0x000001d7bbb85583 sp=0x000000bd627ed2f8 mode 2


Dynamic libraries:
0x00007ff6fce30000 - 0x00007ff6fce4c000 	C:\Users\coms\anaconda3\envs\snowdeer\python.exe
0x00007ffc9ddd0000 - 0x00007ffc9dfc5000 	C:\Windows\SYSTEM32\ntdll.dll
0x00007ffc9dc30000 - 0x00007ffc9dcee000 	C:\Windows\System32\KERNEL32.DLL
0x00007ffc9b740000 - 0x00007ffc9ba08000 	C:\Windows\System32\KERNELBASE.dll
0x00007ffc9b5f0000 - 0x00007ffc9b6f0000 	C:\Windows\System32\ucrtbase.dll
0x00007ffc684d0000 - 0x00007ffc68893000 	C:\Users\coms\anaconda3\envs\snowdeer\python37.dll
0x00007ffc90e70000 - 0x00007ffc90e89000 	C:\Users\coms\anaconda3\envs\snowdeer\VCRUNTIME140.dll
0x00007ffc9c450000 - 0x00007ffc9c4a5000 	C:\Windows\System32\SHLWAPI.dll
0x00007ffc9dcf0000 - 0x00007ffc9dd8e000 	C:\Windows\System32\msvcrt.dll
0x00007ffc9c4c0000 - 0x00007ffc9c52b000 	C:\Windows\System32\WS2_32.dll
0x00007ffc9c170000 - 0x00007ffc9c295000 	C:\Windows\System32\RPCRT4.dll
0x00007ffc95960000 - 0x00007ffc9596a000 	C:\Windows\SYSTEM32\VERSION.dll
0x00007ffc9c530000 - 0x00007ffc9c5de000 	C:\Windows\System32\ADVAPI32.dll
0x00007ffc9be90000 - 0x00007ffc9bf2c000 	C:\Windows\System32\sechost.dll
0x00007ffc9aec0000 - 0x00007ffc9aed8000 	C:\Windows\SYSTEM32\CRYPTSP.dll
0x00007ffc9a530000 - 0x00007ffc9a564000 	C:\Windows\system32\rsaenh.dll
0x00007ffc9bab0000 - 0x00007ffc9bad7000 	C:\Windows\System32\bcrypt.dll
0x00007ffc9adf0000 - 0x00007ffc9adfc000 	C:\Windows\SYSTEM32\CRYPTBASE.dll
0x00007ffc9b560000 - 0x00007ffc9b5e2000 	C:\Windows\System32\bcryptPrimitives.dll
0x00007ffc8fac0000 - 0x00007ffc8facf000 	C:\Users\coms\anaconda3\envs\snowdeer\python3.DLL
0x00007ffc8fa40000 - 0x00007ffc8fa4d000 	C:\Users\coms\anaconda3\envs\snowdeer\DLLs\_hashlib.pyd
0x00007ffc67040000 - 0x00007ffc6738c000 	C:\Users\coms\anaconda3\envs\snowdeer\Library\bin\libcrypto-1_1-x64.dll
0x00007ffc9cbc0000 - 0x00007ffc9cd60000 	C:\Windows\System32\USER32.dll
0x00007ffc9be00000 - 0x00007ffc9be22000 	C:\Windows\System32\win32u.dll
0x00007ffc9c5e0000 - 0x00007ffc9c60a000 	C:\Windows\System32\GDI32.dll
0x00007ffc9bc40000 - 0x00007ffc9bd4b000 	C:\Windows\System32\gdi32full.dll
0x00007ffc9ba10000 - 0x00007ffc9baad000 	C:\Windows\System32\msvcp_win.dll
0x00007ffc9dc00000 - 0x00007ffc9dc30000 	C:\Windows\System32\IMM32.DLL
0x00007ffc8e280000 - 0x00007ffc8e298000 	C:\Users\coms\anaconda3\envs\snowdeer\DLLs\_bz2.pyd
0x00007ffc8dec0000 - 0x00007ffc8def0000 	C:\Users\coms\anaconda3\envs\snowdeer\DLLs\_lzma.pyd
0x00007ffc8df20000 - 0x00007ffc8df35000 	C:\Users\coms\anaconda3\envs\snowdeer\DLLs\_socket.pyd
0x00007ffc90d00000 - 0x00007ffc90d09000 	C:\Users\coms\anaconda3\envs\snowdeer\DLLs\select.pyd
0x00007ffc8db60000 - 0x00007ffc8db7f000 	C:\Users\coms\anaconda3\envs\snowdeer\DLLs\_ssl.pyd
0x00007ffc9bae0000 - 0x00007ffc9bc36000 	C:\Windows\System32\CRYPT32.dll
0x00007ffc83890000 - 0x00007ffc8393c000 	C:\Users\coms\anaconda3\envs\snowdeer\Library\bin\libssl-1_1-x64.dll
0x00007ffc73c60000 - 0x00007ffc73ce5000 	C:\Users\coms\anaconda3\envs\snowdeer\lib\site-packages\_jpype.cp37-win_amd64.pyd
0x00007ffc60900000 - 0x00007ffc6098e000 	C:\Windows\SYSTEM32\MSVCP140.dll
0x00007ffc8c8a0000 - 0x00007ffc8c8ac000 	C:\Windows\SYSTEM32\VCRUNTIME140_1.dll
0x00007ffc8e810000 - 0x00007ffc8e819000 	C:\Users\coms\anaconda3\envs\snowdeer\DLLs\_queue.pyd
0x00007ffc7d050000 - 0x00007ffc7d094000 	C:\Users\coms\anaconda3\envs\snowdeer\DLLs\_decimal.pyd
0x00007ffc8fb20000 - 0x00007ffc8fb44000 	C:\Users\coms\anaconda3\envs\snowdeer\lib\site-packages\_MeCab.cp37-win_amd64.pyd
0x00007ffc6b3c0000 - 0x00007ffc6b598000 	C:\Users\coms\anaconda3\envs\snowdeer\lib\site-packages\libmecab.dll
0x00007ffc8dae0000 - 0x00007ffc8db03000 	C:\Users\coms\anaconda3\envs\snowdeer\DLLs\_ctypes.pyd
0x00007ffc9dad0000 - 0x00007ffc9dbfa000 	C:\Windows\System32\ole32.dll
0x00007ffc9c740000 - 0x00007ffc9ca94000 	C:\Windows\System32\combase.dll
0x00007ffc9c380000 - 0x00007ffc9c44d000 	C:\Windows\System32\OLEAUT32.dll
0x000000006a8c0000 - 0x000000006c673000 	C:\Users\coms\anaconda3\envs\snowdeer\lib\site-packages\numpy\.libs\libopenblas.XWYDX2IKJW2NMTWSFYNGFUWKQU3LYTCZ.gfortran-win_amd64.dll
0x00007ffc6ad60000 - 0x00007ffc6b054000 	C:\Users\coms\anaconda3\envs\snowdeer\lib\site-packages\numpy\core\_multiarray_umath.cp37-win_amd64.pyd
0x00007ffc8fe10000 - 0x00007ffc8fe30000 	C:\Users\coms\anaconda3\envs\snowdeer\lib\site-packages\numpy\core\_multiarray_tests.cp37-win_amd64.pyd
0x00007ffc91d50000 - 0x00007ffc91d59000 	C:\Users\coms\anaconda3\envs\snowdeer\lib\site-packages\numpy\linalg\lapack_lite.cp37-win_amd64.pyd
0x00007ffc8e3a0000 - 0x00007ffc8e3ca000 	C:\Users\coms\anaconda3\envs\snowdeer\lib\site-packages\numpy\linalg\_umath_linalg.cp37-win_amd64.pyd
0x00007ffc7d030000 - 0x00007ffc7d050000 	C:\Users\coms\anaconda3\envs\snowdeer\lib\site-packages\numpy\fft\_pocketfft_internal.cp37-win_amd64.pyd
0x00007ffc70f70000 - 0x00007ffc71004000 	C:\Users\coms\anaconda3\envs\snowdeer\lib\site-packages\numpy\random\mtrand.cp37-win_amd64.pyd
0x00007ffc79f90000 - 0x00007ffc79fb9000 	C:\Users\coms\anaconda3\envs\snowdeer\lib\site-packages\numpy\random\bit_generator.cp37-win_amd64.pyd
0x00007ffc79370000 - 0x00007ffc793a1000 	C:\Users\coms\anaconda3\envs\snowdeer\lib\site-packages\numpy\random\_common.cp37-win_amd64.pyd
0x00007ffc73870000 - 0x00007ffc738b2000 	C:\Users\coms\anaconda3\envs\snowdeer\lib\site-packages\numpy\random\_bounded_integers.cp37-win_amd64.pyd
0x00007ffc7d010000 - 0x00007ffc7d028000 	C:\Users\coms\anaconda3\envs\snowdeer\lib\site-packages\numpy\random\_mt19937.cp37-win_amd64.pyd
0x00007ffc79500000 - 0x00007ffc79517000 	C:\Users\coms\anaconda3\envs\snowdeer\lib\site-packages\numpy\random\_philox.cp37-win_amd64.pyd
0x00007ffc78200000 - 0x00007ffc78219000 	C:\Users\coms\anaconda3\envs\snowdeer\lib\site-packages\numpy\random\_pcg64.cp37-win_amd64.pyd
0x00007ffc77aa0000 - 0x00007ffc77ab2000 	C:\Users\coms\anaconda3\envs\snowdeer\lib\site-packages\numpy\random\_sfc64.cp37-win_amd64.pyd
0x00007ffc70ec0000 - 0x00007ffc70f6d000 	C:\Users\coms\anaconda3\envs\snowdeer\lib\site-packages\numpy\random\_generator.cp37-win_amd64.pyd
0x00007ffc71910000 - 0x00007ffc71957000 	C:\Users\coms\anaconda3\envs\snowdeer\lib\site-packages\torch\lib\asmjit.dll
0x00007ffc6d800000 - 0x00007ffc6d86c000 	C:\Users\coms\anaconda3\envs\snowdeer\lib\site-packages\torch\lib\c10.dll
0x00007ffc8a8d0000 - 0x00007ffc8aab4000 	C:\Windows\SYSTEM32\dbghelp.dll
0x00007ffc6d7b0000 - 0x00007ffc6d7fb000 	C:\Users\coms\anaconda3\envs\snowdeer\lib\site-packages\torch\lib\c10_cuda.dll
0x00007ffc62c20000 - 0x00007ffc64341000 	C:\Users\coms\anaconda3\envs\snowdeer\lib\site-packages\torch\lib\caffe2_detectron_ops_gpu.dll
0x00007ffc6b1b0000 - 0x00007ffc6b3b3000 	C:\Users\coms\anaconda3\envs\snowdeer\lib\site-packages\torch\lib\libiomp5md.dll
0x00007ffc4ad60000 - 0x00007ffc4da95000 	C:\Users\coms\anaconda3\envs\snowdeer\lib\site-packages\torch\lib\torch_cuda_cpp.dll
0x00007ffb74de0000 - 0x00007ffb8185e000 	C:\Users\coms\anaconda3\envs\snowdeer\lib\site-packages\torch\lib\torch_cpu.dll
0x00007ffb66f10000 - 0x00007ffb74ddf000 	C:\Users\coms\anaconda3\envs\snowdeer\lib\site-packages\torch\lib\cusparse64_11.dll
0x00007ffc1e2c0000 - 0x00007ffc21d0e000 	C:\Users\coms\anaconda3\envs\snowdeer\lib\site-packages\torch\lib\curand64_10.dll
0x00007ffc03400000 - 0x00007ffc0a026000 	C:\Users\coms\anaconda3\envs\snowdeer\lib\site-packages\torch\lib\cublas64_11.dll
0x00007ffc77710000 - 0x00007ffc7774b000 	C:\Users\coms\anaconda3\envs\snowdeer\lib\site-packages\torch\lib\cudnn64_8.dll
0x00007ffc66cf0000 - 0x00007ffc67037000 	C:\Users\coms\anaconda3\envs\snowdeer\lib\site-packages\torch\lib\fbgemm.dll
0x00007ffb58f10000 - 0x00007ffb66f0b000 	C:\Users\coms\anaconda3\envs\snowdeer\lib\site-packages\torch\lib\cufft64_10.dll
0x00007ffb47350000 - 0x00007ffb54776000 	C:\Users\coms\anaconda3\envs\snowdeer\lib\site-packages\torch\lib\cublasLt64_11.dll
0x00007ffb81860000 - 0x00007ffbd57a4000 	C:\Users\coms\anaconda3\envs\snowdeer\lib\site-packages\torch\lib\torch_cuda_cu.dll
0x00007ffc8fb10000 - 0x00007ffc8fb20000 	C:\Users\coms\anaconda3\envs\snowdeer\lib\site-packages\torch\lib\nvToolsExt64_1.dll
0x00007ffb1e150000 - 0x00007ffb47341000 	C:\Users\coms\anaconda3\envs\snowdeer\lib\site-packages\torch\lib\cusolver64_11.dll
0x00007ffc75c10000 - 0x00007ffc75c2b000 	C:\Users\coms\anaconda3\envs\snowdeer\lib\site-packages\torch\lib\caffe2_module_test_dynamic.dll
0x00007ffc8aac0000 - 0x00007ffc8aac9000 	C:\Users\coms\anaconda3\envs\snowdeer\lib\site-packages\torch\lib\caffe2_nvrtc.dll
0x00007ffc5c960000 - 0x00007ffc5e15b000 	C:\Users\coms\anaconda3\envs\snowdeer\lib\site-packages\torch\lib\nvrtc64_111_0.dll
0x00007ffc6c720000 - 0x00007ffc6c802000 	C:\Users\coms\anaconda3\envs\snowdeer\lib\site-packages\torch\lib\caffe2_observers.dll
0x00007ffc6ba40000 - 0x00007ffc6bab1000 	C:\Users\coms\anaconda3\envs\snowdeer\lib\site-packages\torch\lib\cudart64_110.dll
0x00007ffb15570000 - 0x00007ffb1e144000 	C:\Users\coms\anaconda3\envs\snowdeer\lib\site-packages\torch\lib\cudnn_adv_infer64_8.dll
0x00007ffaf8410000 - 0x00007ffb0c00c000 	C:\Users\coms\anaconda3\envs\snowdeer\lib\site-packages\torch\lib\cudnn_ops_infer64_8.dll
0x00007ffb0fa70000 - 0x00007ffb1556c000 	C:\Users\coms\anaconda3\envs\snowdeer\lib\site-packages\torch\lib\cudnn_adv_train64_8.dll
0x00007ffc1bf40000 - 0x00007ffc1e2bf000 	C:\Users\coms\anaconda3\envs\snowdeer\lib\site-packages\torch\lib\cudnn_ops_train64_8.dll
0x00007fface1e0000 - 0x00007ffaf840d000 	C:\Users\coms\anaconda3\envs\snowdeer\lib\site-packages\torch\lib\cudnn_cnn_infer64_8.dll
0x00007ffac9380000 - 0x00007fface1dc000 	C:\Users\coms\anaconda3\envs\snowdeer\lib\site-packages\torch\lib\cudnn_cnn_train64_8.dll
0x00007ffc6c6d0000 - 0x00007ffc6c718000 	C:\Users\coms\anaconda3\envs\snowdeer\lib\site-packages\torch\lib\cufftw64_10.dll
0x00007ffab1900000 - 0x00007ffac937a000 	C:\Users\coms\anaconda3\envs\snowdeer\lib\site-packages\torch\lib\cusolverMg64_11.dll
0x00007ffc86860000 - 0x00007ffc8686d000 	C:\Users\coms\anaconda3\envs\snowdeer\lib\site-packages\torch\lib\libiompstubs5md.dll
0x00007ffc62450000 - 0x00007ffc6294c000 	C:\Users\coms\anaconda3\envs\snowdeer\lib\site-packages\torch\lib\nvrtc-builtins64_111.dll
0x00007ffc74010000 - 0x00007ffc74028000 	C:\Users\coms\anaconda3\envs\snowdeer\lib\site-packages\torch\lib\shm.dll
0x00007ffc85550000 - 0x00007ffc85557000 	C:\Users\coms\anaconda3\envs\snowdeer\lib\site-packages\torch\lib\torch.dll
0x00007ffc83ed0000 - 0x00007ffc83ed7000 	C:\Users\coms\anaconda3\envs\snowdeer\lib\site-packages\torch\lib\torch_cuda.dll
0x00007ffc83830000 - 0x00007ffc83837000 	C:\Users\coms\anaconda3\envs\snowdeer\lib\site-packages\torch\lib\torch_global_deps.dll
0x00007ffc5e340000 - 0x00007ffc5eedb000 	C:\Users\coms\anaconda3\envs\snowdeer\lib\site-packages\torch\lib\torch_python.dll
0x00007ffc61110000 - 0x00007ffc613cd000 	C:\Users\coms\anaconda3\envs\snowdeer\lib\site-packages\torch\lib\uv.dll
0x00007ffc9c4b0000 - 0x00007ffc9c4b8000 	C:\Windows\System32\PSAPI.DLL
0x00007ffc9a920000 - 0x00007ffc9a95b000 	C:\Windows\SYSTEM32\IPHLPAPI.DLL
0x00007ffc9b3f0000 - 0x00007ffc9b41e000 	C:\Windows\SYSTEM32\USERENV.dll
0x00007ffc83130000 - 0x00007ffc83137000 	C:\Users\coms\anaconda3\envs\snowdeer\lib\site-packages\torch\_C.cp37-win_amd64.pyd
0x00007ffc821e0000 - 0x00007ffc821ea000 	C:\Users\coms\anaconda3\envs\snowdeer\DLLs\_multiprocessing.pyd
0x00007ffc7d280000 - 0x00007ffc7d388000 	C:\Users\coms\anaconda3\envs\snowdeer\DLLs\unicodedata.pyd
0x00007ffc84200000 - 0x00007ffc84214000 	C:\Users\coms\anaconda3\envs\snowdeer\DLLs\_asyncio.pyd
0x00007ffc8f630000 - 0x00007ffc8f63d000 	C:\Users\coms\anaconda3\envs\snowdeer\DLLs\_overlapped.pyd
0x00007ffc9ac60000 - 0x00007ffc9acca000 	C:\Windows\system32\mswsock.dll
0x00007ffc81c60000 - 0x00007ffc81c70000 	C:\Users\coms\anaconda3\envs\snowdeer\lib\site-packages\h5py\_errors.cp37-win_amd64.pyd
0x00007ffc5c620000 - 0x00007ffc5c95b000 	C:\Users\coms\anaconda3\envs\snowdeer\lib\site-packages\h5py\hdf5.dll
0x00007ffc73ff0000 - 0x00007ffc7400a000 	C:\Users\coms\anaconda3\envs\snowdeer\lib\site-packages\h5py\zlib.dll
0x00007ffc72b80000 - 0x00007ffc72b9b000 	C:\Users\coms\anaconda3\envs\snowdeer\lib\site-packages\h5py\h5.cp37-win_amd64.pyd
0x00007ffc6d770000 - 0x00007ffc6d7ac000 	C:\Users\coms\anaconda3\envs\snowdeer\lib\site-packages\h5py\defs.cp37-win_amd64.pyd
0x00007ffc6ba10000 - 0x00007ffc6ba31000 	C:\Users\coms\anaconda3\envs\snowdeer\lib\site-packages\h5py\hdf5_hl.dll
0x00007ffc718f0000 - 0x00007ffc7190f000 	C:\Users\coms\anaconda3\envs\snowdeer\lib\site-packages\h5py\_objects.cp37-win_amd64.pyd
0x00007ffc6b9d0000 - 0x00007ffc6ba02000 	C:\Users\coms\anaconda3\envs\snowdeer\lib\site-packages\h5py\_conv.cp37-win_amd64.pyd
0x00007ffc71220000 - 0x00007ffc71235000 	C:\Users\coms\anaconda3\envs\snowdeer\lib\site-packages\h5py\h5r.cp37-win_amd64.pyd
0x00007ffc68470000 - 0x00007ffc684c7000 	C:\Users\coms\anaconda3\envs\snowdeer\lib\site-packages\h5py\h5t.cp37-win_amd64.pyd
0x00007ffc68410000 - 0x00007ffc68463000 	C:\Users\coms\anaconda3\envs\snowdeer\lib\site-packages\h5py\h5p.cp37-win_amd64.pyd
0x00007ffc70ea0000 - 0x00007ffc70ebc000 	C:\Users\coms\anaconda3\envs\snowdeer\lib\site-packages\h5py\h5s.cp37-win_amd64.pyd
0x00007ffc6b9b0000 - 0x00007ffc6b9c2000 	C:\Users\coms\anaconda3\envs\snowdeer\lib\site-packages\h5py\utils.cp37-win_amd64.pyd
0x00007ffc6b190000 - 0x00007ffc6b1a2000 	C:\Users\coms\anaconda3\envs\snowdeer\lib\site-packages\h5py\h5ac.cp37-win_amd64.pyd
0x00007ffc683f0000 - 0x00007ffc68401000 	C:\Users\coms\anaconda3\envs\snowdeer\lib\site-packages\h5py\h5z.cp37-win_amd64.pyd
0x00007ffc683c0000 - 0x00007ffc683e2000 	C:\Users\coms\anaconda3\envs\snowdeer\lib\site-packages\h5py\h5a.cp37-win_amd64.pyd
0x00007ffc7edf0000 - 0x00007ffc7ee00000 	C:\Users\coms\anaconda3\envs\snowdeer\lib\site-packages\h5py\_proxy.cp37-win_amd64.pyd
0x00007ffc68390000 - 0x00007ffc683b4000 	C:\Users\coms\anaconda3\envs\snowdeer\lib\site-packages\h5py\h5d.cp37-win_amd64.pyd
0x00007ffc68370000 - 0x00007ffc68386000 	C:\Users\coms\anaconda3\envs\snowdeer\lib\site-packages\h5py\h5ds.cp37-win_amd64.pyd

VM Arguments:
jvm_args: -Dfile.encoding=UTF8 -ea -Xmx1024m 
java_command: <unknown>
java_class_path (initial): C:\Users\coms\anaconda3\envs\snowdeer\lib\site-packages\konlpy\java;C:\Users\coms\anaconda3\envs\snowdeer\lib\site-packages\konlpy\java\bin;C:\Users\coms\anaconda3\envs\snowdeer\lib\site-packages\konlpy\java\aho-corasick.jar;C:\Users\coms\anaconda3\envs\snowdeer\lib\site-packages\konlpy\java\jhannanum-0.8.4.jar;C:\Users\coms\anaconda3\envs\snowdeer\lib\site-packages\konlpy\java\kkma-2.0.jar;C:\Users\coms\anaconda3\envs\snowdeer\lib\site-packages\konlpy\java\komoran-3.0.jar;C:\Users\coms\anaconda3\envs\snowdeer\lib\site-packages\konlpy\java\open-korean-text-2.1.0.jar;C:\Users\coms\anaconda3\envs\snowdeer\lib\site-packages\konlpy\java\scala-library-2.12.3.jar;C:\Users\coms\anaconda3\envs\snowdeer\lib\site-packages\konlpy\java\shineware-common-1.0.jar;C:\Users\coms\anaconda3\envs\snowdeer\lib\site-packages\konlpy\java\shineware-ds-1.0.jar;C:\Users\coms\anaconda3\envs\snowdeer\lib\site-packages\konlpy\java\snakeyaml-1.12.jar;C:\Users\coms\anaconda3\envs\snowdeer\lib\site-packages\konlpy\java\twitter-text-1.14.7.jar;C:\Users\coms\anaconda3\envs\snowdeer\lib\site-packages\konlpy\java\jhannanum-0.8.4.jar;C:\Users\coms\anaconda3\envs\snowdeer\lib\site-packages\konlpy\java\kkma-2.0.jar;C:\Users\coms\anaconda3\envs\snowdeer\lib\site-packages\konlpy\java\aho-corasick.jar;C:\Users\coms\anaconda3\envs\snowdeer\lib\site-packages\konlpy\java\shineware-common-1.0.jar;C:\Users\coms\anaconda3\envs\snowdeer\lib\site-packages\konlpy\java\shineware-ds-1.0.jar;C:\Users\coms\anaconda3\envs\snowdeer\lib\site-packages\konlpy\java\komoran-3.0.jar;C:\Users\coms\anaconda3\envs\snowdeer\lib\site-packages\konlpy\java\snakeyaml-1.12.jar;C:\Users\coms\anaconda3\envs\snowdeer\lib\site-packages\konlpy\java\scala-library-2.12.3.jar;C:\Users\coms\anaconda3\envs\snowdeer\lib\site-packages\konlpy\java\open-korean-text-2.1.0.jar;C:\Users\coms\anaconda3\envs\snowdeer\lib\site-packages\konlpy\java\twitter-text-1.14.7.jar;C:\Users\coms\anaconda3\envs\snowdeer\lib\site-packages\k
Launcher Type: generic

Environment Variables:
JAVA_HOME=D:\openlogic-openjdk-8u262-b10-windows-x64\openlogic-openjdk-8u262-b10-win-64
PATH=C:\Users\coms\anaconda3\envs\snowdeer;C:\Users\coms\anaconda3\envs\snowdeer\Library\mingw-w64\bin;C:\Users\coms\anaconda3\envs\snowdeer\Library\usr\bin;C:\Users\coms\anaconda3\envs\snowdeer\Library\bin;C:\Users\coms\anaconda3\envs\snowdeer\Scripts;C:\Users\coms\anaconda3\envs\snowdeer\bin;C:\Users\coms\anaconda3\condabin;C:\Program Files\NVIDIA GPU Computing Toolkit\CUDA\v11.2\bin;C:\Program Files\NVIDIA GPU Computing Toolkit\CUDA\v11.2\libnvvp;C:\Python310\Scripts;C:\Python310;C:\Windows\system32;C:\Windows;C:\Windows\System32\Wbem;C:\Windows\System32\WindowsPowerShell\v1.0;C:\Windows\System32\OpenSSH;C:\Program Files\NVIDIA Corporation\NVIDIA NvDLISR;C:\Users\coms\anaconda3;C:\Users\coms\anaconda3\Library\mingw-w64\bin;C:\Users\coms\anaconda3\Library\usr\bin;C:\Users\coms\anaconda3\Scripts;C:\Program Files\nodejs;C:\ProgramData\chocolatey\bin;C:\Program Files\Git\cmd;C:\Program Files\MySQL\MySQL Server 8.0\bin;D:\shell.w32-ix86;C:\Users\coms\.cargo\bin;C:\Program Files\Docker\Docker\resources\bin;C:\ProgramData\DockerDesktop\version-bin;C:\Program Files\NVIDIA Corporation\Nsight Compute 2020.3.1;C:\Program Files (x86)\NVIDIA Corporation\PhysX\Common;D:\openlogic-openjdk-8u262-b10-windows-x64\openlogic-openjdk-8u262-b10-win-64\bin;C:\Program Files\MySQL\MySQL Shell 8.0\bin;C:\Users\coms\AppData\Local\Microsoft\WindowsApps;C:\Users\coms\AppData\Local\Programs\Microsoft VS Code\bin;C:\Users\coms\AppData\Roaming\npm;C:\Users\coms\AppData\Local\GitHubDesktop\bin;C:\Program Files\NVIDIA GPU Computing Toolkit\CUDA\v11.2\bin;C:\Program Files\NVIDIA GPU Computing Toolkit\CUDA\v11.2\include;C:\Program Files\NVIDIA GPU Computing Toolkit\CUDA\v11.2\lib;.;C:\Program Files (x86)\ESTsoft\ALSee\x64;C:\Users\coms\anaconda3\envs\snowdeer\lib\site-packages\numpy\.libs;C:\Users\coms\anaconda3\envs\snowdeer\lib\site-packages\scipy\.libs
USERNAME=coms
OS=Windows_NT
PROCESSOR_IDENTIFIER=Intel64 Family 6 Model 167 Stepping 1, GenuineIntel



---------------  S Y S T E M  ---------------

OS: Windows 10.0 , 64 bit Build 19041 (10.0.19041.1645)

CPU:total 16 (initial active 16) (8 cores per cpu, 2 threads per core) family 6 model 167 stepping 1, cmov, cx8, fxsr, mmx, sse, sse2, sse3, ssse3, sse4.1, sse4.2, popcnt, avx, avx2, aes, clmul, erms, 3dnowpref, lzcnt, ht, tsc, tscinvbit, bmi1, bmi2, adx

Memory: 4k page, physical 33433204k(14557944k free), swap 33433204k(268700k free)

vm_info: OpenJDK 64-Bit Server VM (25.71-b10) for windows-amd64 JRE (1.8.0-262-b10), built on Jul 25 2020 01:22:05 by "Administrator" with MS VC++ 10.0 (VS2010)

time: Wed May 11 17:29:03 2022
timezone: 대한민국 표준시
elapsed time: 9 seconds (0d 0h 0m 9s)

